The system is: Linux - 4.9.30-rt20-1-rt - x86_64
Compiling the C compiler identification source file "CMakeCCompilerId.c" succeeded.
Compiler: /usr/bin/gcc 
Build flags: 
Id flags:  

The output was:
0


Compilation of the C compiler identification source "CMakeCCompilerId.c" produced "a.out"

The C compiler identification is GNU, found in "/home/shelly/mount/Hotprog/vmpw/fltk/CMakeFiles/3.8.2/CompilerIdC/a.out"

The system is: Linux - 4.9.30-rt20-1-rt - x86_64
Compiling the C compiler identification source file "CMakeCCompilerId.c" succeeded.
Compiler: /usr/bin/gcc 
Build flags: 
Id flags:  

The output was:
0


Compilation of the C compiler identification source "CMakeCCompilerId.c" produced "a.out"

The C compiler identification is GNU, found in "/home/shelly/mount/Hotprog/vmpw/fltk/CMakeFiles/3.8.2/CompilerIdC/a.out"

Compiling the CXX compiler identification source file "CMakeCXXCompilerId.cpp" succeeded.
Compiler: /usr/bin/g++ 
Build flags: 
Id flags:  

The output was:
0


Compilation of the CXX compiler identification source "CMakeCXXCompilerId.cpp" produced "a.out"

The CXX compiler identification is GNU, found in "/home/shelly/mount/Hotprog/vmpw/fltk/CMakeFiles/3.8.2/CompilerIdCXX/a.out"

Determining if the C compiler works passed with the following output:
Change Dir: /home/shelly/mount/Hotprog/vmpw/fltk/CMakeFiles/CMakeTmp

Run Build Command:"/usr/bin/make" "cmTC_bf57d/fast"
make: Warning: File 'Makefile' has modification time 3548 s in the future
/usr/bin/make -f CMakeFiles/cmTC_bf57d.dir/build.make CMakeFiles/cmTC_bf57d.dir/build
make[1]: Entering directory '/home/shelly/mount/Hotprog/vmpw/fltk/CMakeFiles/CMakeTmp'
make[1]: Warning: File 'CMakeFiles/cmTC_bf57d.dir/flags.make' has modification time 3548 s in the future
Building C object CMakeFiles/cmTC_bf57d.dir/testCCompiler.c.o
/usr/bin/gcc    -o CMakeFiles/cmTC_bf57d.dir/testCCompiler.c.o   -c /home/shelly/mount/Hotprog/vmpw/fltk/CMakeFiles/CMakeTmp/testCCompiler.c
Linking C executable cmTC_bf57d
/usr/bin/cmake -E cmake_link_script CMakeFiles/cmTC_bf57d.dir/link.txt --verbose=1
/usr/bin/gcc      -rdynamic CMakeFiles/cmTC_bf57d.dir/testCCompiler.c.o  -o cmTC_bf57d 
make[1]: warning:  Clock skew detected.  Your build may be incomplete.
make[1]: Leaving directory '/home/shelly/mount/Hotprog/vmpw/fltk/CMakeFiles/CMakeTmp'
make: warning:  Clock skew detected.  Your build may be incomplete.


Detecting C compiler ABI info compiled with the following output:
Change Dir: /home/shelly/mount/Hotprog/vmpw/fltk/CMakeFiles/CMakeTmp

Run Build Command:"/usr/bin/make" "cmTC_50bc4/fast"
make: Warning: File 'Makefile' has modification time 3549 s in the future
/usr/bin/make -f CMakeFiles/cmTC_50bc4.dir/build.make CMakeFiles/cmTC_50bc4.dir/build
make[1]: Entering directory '/home/shelly/mount/Hotprog/vmpw/fltk/CMakeFiles/CMakeTmp'
make[1]: Warning: File 'CMakeFiles/cmTC_50bc4.dir/flags.make' has modification time 3549 s in the future
Building C object CMakeFiles/cmTC_50bc4.dir/CMakeCCompilerABI.c.o
/usr/bin/gcc    -o CMakeFiles/cmTC_50bc4.dir/CMakeCCompilerABI.c.o   -c /usr/share/cmake-3.8/Modules/CMakeCCompilerABI.c
Linking C executable cmTC_50bc4
/usr/bin/cmake -E cmake_link_script CMakeFiles/cmTC_50bc4.dir/link.txt --verbose=1
/usr/bin/gcc     -v -rdynamic CMakeFiles/cmTC_50bc4.dir/CMakeCCompilerABI.c.o  -o cmTC_50bc4 
Using built-in specs.
COLLECT_GCC=/usr/bin/gcc
COLLECT_LTO_WRAPPER=/usr/lib/gcc/x86_64-pc-linux-gnu/7.1.1/lto-wrapper
Target: x86_64-pc-linux-gnu
Configured with: /build/gcc-multilib/src/gcc/configure --prefix=/usr --libdir=/usr/lib --libexecdir=/usr/lib --mandir=/usr/share/man --infodir=/usr/share/info --with-bugurl=https://bugs.archlinux.org/ --enable-languages=c,c++,ada,fortran,go,lto,objc,obj-c++ --enable-shared --enable-threads=posix --enable-libmpx --with-system-zlib --with-isl --enable-__cxa_atexit --disable-libunwind-exceptions --enable-clocale=gnu --disable-libstdcxx-pch --disable-libssp --enable-gnu-unique-object --enable-linker-build-id --enable-lto --enable-plugin --enable-install-libiberty --with-linker-hash-style=gnu --enable-gnu-indirect-function --enable-multilib --disable-werror --enable-checking=release
Thread model: posix
gcc version 7.1.1 20170528 (GCC) 
COMPILER_PATH=/usr/lib/gcc/x86_64-pc-linux-gnu/7.1.1/:/usr/lib/gcc/x86_64-pc-linux-gnu/7.1.1/:/usr/lib/gcc/x86_64-pc-linux-gnu/:/usr/lib/gcc/x86_64-pc-linux-gnu/7.1.1/:/usr/lib/gcc/x86_64-pc-linux-gnu/
LIBRARY_PATH=/usr/lib/gcc/x86_64-pc-linux-gnu/7.1.1/:/usr/lib/gcc/x86_64-pc-linux-gnu/7.1.1/../../../../lib/:/lib/../lib/:/usr/lib/../lib/:/usr/lib/gcc/x86_64-pc-linux-gnu/7.1.1/../../../:/lib/:/usr/lib/
COLLECT_GCC_OPTIONS='-v' '-rdynamic' '-o' 'cmTC_50bc4' '-mtune=generic' '-march=x86-64'
 /usr/lib/gcc/x86_64-pc-linux-gnu/7.1.1/collect2 -plugin /usr/lib/gcc/x86_64-pc-linux-gnu/7.1.1/liblto_plugin.so -plugin-opt=/usr/lib/gcc/x86_64-pc-linux-gnu/7.1.1/lto-wrapper -plugin-opt=-fresolution=/tmp/ccglw5Mr.res -plugin-opt=-pass-through=-lgcc -plugin-opt=-pass-through=-lgcc_s -plugin-opt=-pass-through=-lc -plugin-opt=-pass-through=-lgcc -plugin-opt=-pass-through=-lgcc_s --build-id --eh-frame-hdr --hash-style=gnu -m elf_x86_64 -export-dynamic -dynamic-linker /lib64/ld-linux-x86-64.so.2 -o cmTC_50bc4 /usr/lib/gcc/x86_64-pc-linux-gnu/7.1.1/../../../../lib/crt1.o /usr/lib/gcc/x86_64-pc-linux-gnu/7.1.1/../../../../lib/crti.o /usr/lib/gcc/x86_64-pc-linux-gnu/7.1.1/crtbegin.o -L/usr/lib/gcc/x86_64-pc-linux-gnu/7.1.1 -L/usr/lib/gcc/x86_64-pc-linux-gnu/7.1.1/../../../../lib -L/lib/../lib -L/usr/lib/../lib -L/usr/lib/gcc/x86_64-pc-linux-gnu/7.1.1/../../.. CMakeFiles/cmTC_50bc4.dir/CMakeCCompilerABI.c.o -lgcc --as-needed -lgcc_s --no-as-needed -lc -lgcc --as-needed -lgcc_s --no-as-needed /usr/lib/gcc/x86_64-pc-linux-gnu/7.1.1/crtend.o /usr/lib/gcc/x86_64-pc-linux-gnu/7.1.1/../../../../lib/crtn.o
COLLECT_GCC_OPTIONS='-v' '-rdynamic' '-o' 'cmTC_50bc4' '-mtune=generic' '-march=x86-64'
make[1]: warning:  Clock skew detected.  Your build may be incomplete.
make[1]: Leaving directory '/home/shelly/mount/Hotprog/vmpw/fltk/CMakeFiles/CMakeTmp'
make: warning:  Clock skew detected.  Your build may be incomplete.


Parsed C implicit link information from above output:
  link line regex: [^( *|.*[/\])(ld|([^/\]+-)?ld|collect2)[^/\]*( |$)]
  ignore line: [Change Dir: /home/shelly/mount/Hotprog/vmpw/fltk/CMakeFiles/CMakeTmp]
  ignore line: []
  ignore line: [Run Build Command:"/usr/bin/make" "cmTC_50bc4/fast"]
  ignore line: [make: Warning: File 'Makefile' has modification time 3549 s in the future]
  ignore line: [/usr/bin/make -f CMakeFiles/cmTC_50bc4.dir/build.make CMakeFiles/cmTC_50bc4.dir/build]
  ignore line: [make[1]: Entering directory '/home/shelly/mount/Hotprog/vmpw/fltk/CMakeFiles/CMakeTmp']
  ignore line: [make[1]: Warning: File 'CMakeFiles/cmTC_50bc4.dir/flags.make' has modification time 3549 s in the future]
  ignore line: [Building C object CMakeFiles/cmTC_50bc4.dir/CMakeCCompilerABI.c.o]
  ignore line: [/usr/bin/gcc    -o CMakeFiles/cmTC_50bc4.dir/CMakeCCompilerABI.c.o   -c /usr/share/cmake-3.8/Modules/CMakeCCompilerABI.c]
  ignore line: [Linking C executable cmTC_50bc4]
  ignore line: [/usr/bin/cmake -E cmake_link_script CMakeFiles/cmTC_50bc4.dir/link.txt --verbose=1]
  ignore line: [/usr/bin/gcc     -v -rdynamic CMakeFiles/cmTC_50bc4.dir/CMakeCCompilerABI.c.o  -o cmTC_50bc4 ]
  ignore line: [Using built-in specs.]
  ignore line: [COLLECT_GCC=/usr/bin/gcc]
  ignore line: [COLLECT_LTO_WRAPPER=/usr/lib/gcc/x86_64-pc-linux-gnu/7.1.1/lto-wrapper]
  ignore line: [Target: x86_64-pc-linux-gnu]
  ignore line: [Configured with: /build/gcc-multilib/src/gcc/configure --prefix=/usr --libdir=/usr/lib --libexecdir=/usr/lib --mandir=/usr/share/man --infodir=/usr/share/info --with-bugurl=https://bugs.archlinux.org/ --enable-languages=c,c++,ada,fortran,go,lto,objc,obj-c++ --enable-shared --enable-threads=posix --enable-libmpx --with-system-zlib --with-isl --enable-__cxa_atexit --disable-libunwind-exceptions --enable-clocale=gnu --disable-libstdcxx-pch --disable-libssp --enable-gnu-unique-object --enable-linker-build-id --enable-lto --enable-plugin --enable-install-libiberty --with-linker-hash-style=gnu --enable-gnu-indirect-function --enable-multilib --disable-werror --enable-checking=release]
  ignore line: [Thread model: posix]
  ignore line: [gcc version 7.1.1 20170528 (GCC) ]
  ignore line: [COMPILER_PATH=/usr/lib/gcc/x86_64-pc-linux-gnu/7.1.1/:/usr/lib/gcc/x86_64-pc-linux-gnu/7.1.1/:/usr/lib/gcc/x86_64-pc-linux-gnu/:/usr/lib/gcc/x86_64-pc-linux-gnu/7.1.1/:/usr/lib/gcc/x86_64-pc-linux-gnu/]
  ignore line: [LIBRARY_PATH=/usr/lib/gcc/x86_64-pc-linux-gnu/7.1.1/:/usr/lib/gcc/x86_64-pc-linux-gnu/7.1.1/../../../../lib/:/lib/../lib/:/usr/lib/../lib/:/usr/lib/gcc/x86_64-pc-linux-gnu/7.1.1/../../../:/lib/:/usr/lib/]
  ignore line: [COLLECT_GCC_OPTIONS='-v' '-rdynamic' '-o' 'cmTC_50bc4' '-mtune=generic' '-march=x86-64']
  link line: [ /usr/lib/gcc/x86_64-pc-linux-gnu/7.1.1/collect2 -plugin /usr/lib/gcc/x86_64-pc-linux-gnu/7.1.1/liblto_plugin.so -plugin-opt=/usr/lib/gcc/x86_64-pc-linux-gnu/7.1.1/lto-wrapper -plugin-opt=-fresolution=/tmp/ccglw5Mr.res -plugin-opt=-pass-through=-lgcc -plugin-opt=-pass-through=-lgcc_s -plugin-opt=-pass-through=-lc -plugin-opt=-pass-through=-lgcc -plugin-opt=-pass-through=-lgcc_s --build-id --eh-frame-hdr --hash-style=gnu -m elf_x86_64 -export-dynamic -dynamic-linker /lib64/ld-linux-x86-64.so.2 -o cmTC_50bc4 /usr/lib/gcc/x86_64-pc-linux-gnu/7.1.1/../../../../lib/crt1.o /usr/lib/gcc/x86_64-pc-linux-gnu/7.1.1/../../../../lib/crti.o /usr/lib/gcc/x86_64-pc-linux-gnu/7.1.1/crtbegin.o -L/usr/lib/gcc/x86_64-pc-linux-gnu/7.1.1 -L/usr/lib/gcc/x86_64-pc-linux-gnu/7.1.1/../../../../lib -L/lib/../lib -L/usr/lib/../lib -L/usr/lib/gcc/x86_64-pc-linux-gnu/7.1.1/../../.. CMakeFiles/cmTC_50bc4.dir/CMakeCCompilerABI.c.o -lgcc --as-needed -lgcc_s --no-as-needed -lc -lgcc --as-needed -lgcc_s --no-as-needed /usr/lib/gcc/x86_64-pc-linux-gnu/7.1.1/crtend.o /usr/lib/gcc/x86_64-pc-linux-gnu/7.1.1/../../../../lib/crtn.o]
    arg [/usr/lib/gcc/x86_64-pc-linux-gnu/7.1.1/collect2] ==> ignore
    arg [-plugin] ==> ignore
    arg [/usr/lib/gcc/x86_64-pc-linux-gnu/7.1.1/liblto_plugin.so] ==> ignore
    arg [-plugin-opt=/usr/lib/gcc/x86_64-pc-linux-gnu/7.1.1/lto-wrapper] ==> ignore
    arg [-plugin-opt=-fresolution=/tmp/ccglw5Mr.res] ==> ignore
    arg [-plugin-opt=-pass-through=-lgcc] ==> ignore
    arg [-plugin-opt=-pass-through=-lgcc_s] ==> ignore
    arg [-plugin-opt=-pass-through=-lc] ==> ignore
    arg [-plugin-opt=-pass-through=-lgcc] ==> ignore
    arg [-plugin-opt=-pass-through=-lgcc_s] ==> ignore
    arg [--build-id] ==> ignore
    arg [--eh-frame-hdr] ==> ignore
    arg [--hash-style=gnu] ==> ignore
    arg [-m] ==> ignore
    arg [elf_x86_64] ==> ignore
    arg [-export-dynamic] ==> ignore
    arg [-dynamic-linker] ==> ignore
    arg [/lib64/ld-linux-x86-64.so.2] ==> ignore
    arg [-o] ==> ignore
    arg [cmTC_50bc4] ==> ignore
    arg [/usr/lib/gcc/x86_64-pc-linux-gnu/7.1.1/../../../../lib/crt1.o] ==> ignore
    arg [/usr/lib/gcc/x86_64-pc-linux-gnu/7.1.1/../../../../lib/crti.o] ==> ignore
    arg [/usr/lib/gcc/x86_64-pc-linux-gnu/7.1.1/crtbegin.o] ==> ignore
    arg [-L/usr/lib/gcc/x86_64-pc-linux-gnu/7.1.1] ==> dir [/usr/lib/gcc/x86_64-pc-linux-gnu/7.1.1]
    arg [-L/usr/lib/gcc/x86_64-pc-linux-gnu/7.1.1/../../../../lib] ==> dir [/usr/lib/gcc/x86_64-pc-linux-gnu/7.1.1/../../../../lib]
    arg [-L/lib/../lib] ==> dir [/lib/../lib]
    arg [-L/usr/lib/../lib] ==> dir [/usr/lib/../lib]
    arg [-L/usr/lib/gcc/x86_64-pc-linux-gnu/7.1.1/../../..] ==> dir [/usr/lib/gcc/x86_64-pc-linux-gnu/7.1.1/../../..]
    arg [CMakeFiles/cmTC_50bc4.dir/CMakeCCompilerABI.c.o] ==> ignore
    arg [-lgcc] ==> lib [gcc]
    arg [--as-needed] ==> ignore
    arg [-lgcc_s] ==> lib [gcc_s]
    arg [--no-as-needed] ==> ignore
    arg [-lc] ==> lib [c]
    arg [-lgcc] ==> lib [gcc]
    arg [--as-needed] ==> ignore
    arg [-lgcc_s] ==> lib [gcc_s]
    arg [--no-as-needed] ==> ignore
    arg [/usr/lib/gcc/x86_64-pc-linux-gnu/7.1.1/crtend.o] ==> ignore
    arg [/usr/lib/gcc/x86_64-pc-linux-gnu/7.1.1/../../../../lib/crtn.o] ==> ignore
  remove lib [gcc]
  remove lib [gcc_s]
  remove lib [gcc]
  remove lib [gcc_s]
  collapse library dir [/usr/lib/gcc/x86_64-pc-linux-gnu/7.1.1] ==> [/usr/lib/gcc/x86_64-pc-linux-gnu/7.1.1]
  collapse library dir [/usr/lib/gcc/x86_64-pc-linux-gnu/7.1.1/../../../../lib] ==> [/usr/lib]
  collapse library dir [/lib/../lib] ==> [/lib]
  collapse library dir [/usr/lib/../lib] ==> [/usr/lib]
  collapse library dir [/usr/lib/gcc/x86_64-pc-linux-gnu/7.1.1/../../..] ==> [/usr/lib]
  implicit libs: [c]
  implicit dirs: [/usr/lib/gcc/x86_64-pc-linux-gnu/7.1.1;/usr/lib;/lib]
  implicit fwks: []




Detecting C [-std=c11] compiler features compiled with the following output:
Change Dir: /home/shelly/mount/Hotprog/vmpw/fltk/CMakeFiles/CMakeTmp

Run Build Command:"/usr/bin/make" "cmTC_d48bd/fast"
make: Warning: File 'Makefile' has modification time 3549 s in the future
/usr/bin/make -f CMakeFiles/cmTC_d48bd.dir/build.make CMakeFiles/cmTC_d48bd.dir/build
make[1]: Entering directory '/home/shelly/mount/Hotprog/vmpw/fltk/CMakeFiles/CMakeTmp'
make[1]: Warning: File 'CMakeFiles/cmTC_d48bd.dir/flags.make' has modification time 3548 s in the future
Building C object CMakeFiles/cmTC_d48bd.dir/feature_tests.c.o
/usr/bin/gcc   -std=c11 -o CMakeFiles/cmTC_d48bd.dir/feature_tests.c.o   -c /home/shelly/mount/Hotprog/vmpw/fltk/CMakeFiles/feature_tests.c
Linking C executable cmTC_d48bd
/usr/bin/cmake -E cmake_link_script CMakeFiles/cmTC_d48bd.dir/link.txt --verbose=1
/usr/bin/gcc      -rdynamic CMakeFiles/cmTC_d48bd.dir/feature_tests.c.o  -o cmTC_d48bd 
make[1]: warning:  Clock skew detected.  Your build may be incomplete.
make[1]: Leaving directory '/home/shelly/mount/Hotprog/vmpw/fltk/CMakeFiles/CMakeTmp'
make: warning:  Clock skew detected.  Your build may be incomplete.


    Feature record: C_FEATURE:1c_function_prototypes
    Feature record: C_FEATURE:1c_restrict
    Feature record: C_FEATURE:1c_static_assert
    Feature record: C_FEATURE:1c_variadic_macros


Detecting C [-std=c99] compiler features compiled with the following output:
Change Dir: /home/shelly/mount/Hotprog/vmpw/fltk/CMakeFiles/CMakeTmp

Run Build Command:"/usr/bin/make" "cmTC_f3c8b/fast"
make: Warning: File 'Makefile' has modification time 3548 s in the future
/usr/bin/make -f CMakeFiles/cmTC_f3c8b.dir/build.make CMakeFiles/cmTC_f3c8b.dir/build
make[1]: Entering directory '/home/shelly/mount/Hotprog/vmpw/fltk/CMakeFiles/CMakeTmp'
make[1]: Warning: File 'CMakeFiles/cmTC_f3c8b.dir/flags.make' has modification time 3548 s in the future
Building C object CMakeFiles/cmTC_f3c8b.dir/feature_tests.c.o
/usr/bin/gcc   -std=c99 -o CMakeFiles/cmTC_f3c8b.dir/feature_tests.c.o   -c /home/shelly/mount/Hotprog/vmpw/fltk/CMakeFiles/feature_tests.c
Linking C executable cmTC_f3c8b
/usr/bin/cmake -E cmake_link_script CMakeFiles/cmTC_f3c8b.dir/link.txt --verbose=1
/usr/bin/gcc      -rdynamic CMakeFiles/cmTC_f3c8b.dir/feature_tests.c.o  -o cmTC_f3c8b 
make[1]: warning:  Clock skew detected.  Your build may be incomplete.
make[1]: Leaving directory '/home/shelly/mount/Hotprog/vmpw/fltk/CMakeFiles/CMakeTmp'
make: warning:  Clock skew detected.  Your build may be incomplete.


    Feature record: C_FEATURE:1c_function_prototypes
    Feature record: C_FEATURE:1c_restrict
    Feature record: C_FEATURE:0c_static_assert
    Feature record: C_FEATURE:1c_variadic_macros


Detecting C [-std=c90] compiler features compiled with the following output:
Change Dir: /home/shelly/mount/Hotprog/vmpw/fltk/CMakeFiles/CMakeTmp

Run Build Command:"/usr/bin/make" "cmTC_69b4d/fast"
make: Warning: File 'Makefile' has modification time 3548 s in the future
/usr/bin/make -f CMakeFiles/cmTC_69b4d.dir/build.make CMakeFiles/cmTC_69b4d.dir/build
make[1]: Entering directory '/home/shelly/mount/Hotprog/vmpw/fltk/CMakeFiles/CMakeTmp'
make[1]: Warning: File 'CMakeFiles/cmTC_69b4d.dir/flags.make' has modification time 3548 s in the future
Building C object CMakeFiles/cmTC_69b4d.dir/feature_tests.c.o
/usr/bin/gcc   -std=c90 -o CMakeFiles/cmTC_69b4d.dir/feature_tests.c.o   -c /home/shelly/mount/Hotprog/vmpw/fltk/CMakeFiles/feature_tests.c
Linking C executable cmTC_69b4d
/usr/bin/cmake -E cmake_link_script CMakeFiles/cmTC_69b4d.dir/link.txt --verbose=1
/usr/bin/gcc      -rdynamic CMakeFiles/cmTC_69b4d.dir/feature_tests.c.o  -o cmTC_69b4d 
make[1]: warning:  Clock skew detected.  Your build may be incomplete.
make[1]: Leaving directory '/home/shelly/mount/Hotprog/vmpw/fltk/CMakeFiles/CMakeTmp'
make: warning:  Clock skew detected.  Your build may be incomplete.


    Feature record: C_FEATURE:1c_function_prototypes
    Feature record: C_FEATURE:0c_restrict
    Feature record: C_FEATURE:0c_static_assert
    Feature record: C_FEATURE:0c_variadic_macros
Determining if the CXX compiler works passed with the following output:
Change Dir: /home/shelly/mount/Hotprog/vmpw/fltk/CMakeFiles/CMakeTmp

Run Build Command:"/usr/bin/make" "cmTC_0d6a5/fast"
make: Warning: File 'Makefile' has modification time 3549 s in the future
/usr/bin/make -f CMakeFiles/cmTC_0d6a5.dir/build.make CMakeFiles/cmTC_0d6a5.dir/build
make[1]: Entering directory '/home/shelly/mount/Hotprog/vmpw/fltk/CMakeFiles/CMakeTmp'
make[1]: Warning: File 'CMakeFiles/cmTC_0d6a5.dir/flags.make' has modification time 3549 s in the future
Building CXX object CMakeFiles/cmTC_0d6a5.dir/testCXXCompiler.cxx.o
/usr/bin/g++     -o CMakeFiles/cmTC_0d6a5.dir/testCXXCompiler.cxx.o -c /home/shelly/mount/Hotprog/vmpw/fltk/CMakeFiles/CMakeTmp/testCXXCompiler.cxx
Linking CXX executable cmTC_0d6a5
/usr/bin/cmake -E cmake_link_script CMakeFiles/cmTC_0d6a5.dir/link.txt --verbose=1
/usr/bin/g++       -rdynamic CMakeFiles/cmTC_0d6a5.dir/testCXXCompiler.cxx.o  -o cmTC_0d6a5 
make[1]: warning:  Clock skew detected.  Your build may be incomplete.
make[1]: Leaving directory '/home/shelly/mount/Hotprog/vmpw/fltk/CMakeFiles/CMakeTmp'
make: warning:  Clock skew detected.  Your build may be incomplete.


Detecting CXX compiler ABI info compiled with the following output:
Change Dir: /home/shelly/mount/Hotprog/vmpw/fltk/CMakeFiles/CMakeTmp

Run Build Command:"/usr/bin/make" "cmTC_454c8/fast"
make: Warning: File 'Makefile' has modification time 3549 s in the future
/usr/bin/make -f CMakeFiles/cmTC_454c8.dir/build.make CMakeFiles/cmTC_454c8.dir/build
make[1]: Entering directory '/home/shelly/mount/Hotprog/vmpw/fltk/CMakeFiles/CMakeTmp'
make[1]: Warning: File 'CMakeFiles/cmTC_454c8.dir/flags.make' has modification time 3549 s in the future
Building CXX object CMakeFiles/cmTC_454c8.dir/CMakeCXXCompilerABI.cpp.o
/usr/bin/g++     -o CMakeFiles/cmTC_454c8.dir/CMakeCXXCompilerABI.cpp.o -c /usr/share/cmake-3.8/Modules/CMakeCXXCompilerABI.cpp
Linking CXX executable cmTC_454c8
/usr/bin/cmake -E cmake_link_script CMakeFiles/cmTC_454c8.dir/link.txt --verbose=1
/usr/bin/g++      -v -rdynamic CMakeFiles/cmTC_454c8.dir/CMakeCXXCompilerABI.cpp.o  -o cmTC_454c8 
Using built-in specs.
COLLECT_GCC=/usr/bin/g++
COLLECT_LTO_WRAPPER=/usr/lib/gcc/x86_64-pc-linux-gnu/7.1.1/lto-wrapper
Target: x86_64-pc-linux-gnu
Configured with: /build/gcc-multilib/src/gcc/configure --prefix=/usr --libdir=/usr/lib --libexecdir=/usr/lib --mandir=/usr/share/man --infodir=/usr/share/info --with-bugurl=https://bugs.archlinux.org/ --enable-languages=c,c++,ada,fortran,go,lto,objc,obj-c++ --enable-shared --enable-threads=posix --enable-libmpx --with-system-zlib --with-isl --enable-__cxa_atexit --disable-libunwind-exceptions --enable-clocale=gnu --disable-libstdcxx-pch --disable-libssp --enable-gnu-unique-object --enable-linker-build-id --enable-lto --enable-plugin --enable-install-libiberty --with-linker-hash-style=gnu --enable-gnu-indirect-function --enable-multilib --disable-werror --enable-checking=release
Thread model: posix
gcc version 7.1.1 20170528 (GCC) 
COMPILER_PATH=/usr/lib/gcc/x86_64-pc-linux-gnu/7.1.1/:/usr/lib/gcc/x86_64-pc-linux-gnu/7.1.1/:/usr/lib/gcc/x86_64-pc-linux-gnu/:/usr/lib/gcc/x86_64-pc-linux-gnu/7.1.1/:/usr/lib/gcc/x86_64-pc-linux-gnu/
LIBRARY_PATH=/usr/lib/gcc/x86_64-pc-linux-gnu/7.1.1/:/usr/lib/gcc/x86_64-pc-linux-gnu/7.1.1/../../../../lib/:/lib/../lib/:/usr/lib/../lib/:/usr/lib/gcc/x86_64-pc-linux-gnu/7.1.1/../../../:/lib/:/usr/lib/
COLLECT_GCC_OPTIONS='-v' '-rdynamic' '-o' 'cmTC_454c8' '-shared-libgcc' '-mtune=generic' '-march=x86-64'
 /usr/lib/gcc/x86_64-pc-linux-gnu/7.1.1/collect2 -plugin /usr/lib/gcc/x86_64-pc-linux-gnu/7.1.1/liblto_plugin.so -plugin-opt=/usr/lib/gcc/x86_64-pc-linux-gnu/7.1.1/lto-wrapper -plugin-opt=-fresolution=/tmp/cc30QEWE.res -plugin-opt=-pass-through=-lgcc_s -plugin-opt=-pass-through=-lgcc -plugin-opt=-pass-through=-lc -plugin-opt=-pass-through=-lgcc_s -plugin-opt=-pass-through=-lgcc --build-id --eh-frame-hdr --hash-style=gnu -m elf_x86_64 -export-dynamic -dynamic-linker /lib64/ld-linux-x86-64.so.2 -o cmTC_454c8 /usr/lib/gcc/x86_64-pc-linux-gnu/7.1.1/../../../../lib/crt1.o /usr/lib/gcc/x86_64-pc-linux-gnu/7.1.1/../../../../lib/crti.o /usr/lib/gcc/x86_64-pc-linux-gnu/7.1.1/crtbegin.o -L/usr/lib/gcc/x86_64-pc-linux-gnu/7.1.1 -L/usr/lib/gcc/x86_64-pc-linux-gnu/7.1.1/../../../../lib -L/lib/../lib -L/usr/lib/../lib -L/usr/lib/gcc/x86_64-pc-linux-gnu/7.1.1/../../.. CMakeFiles/cmTC_454c8.dir/CMakeCXXCompilerABI.cpp.o -lstdc++ -lm -lgcc_s -lgcc -lc -lgcc_s -lgcc /usr/lib/gcc/x86_64-pc-linux-gnu/7.1.1/crtend.o /usr/lib/gcc/x86_64-pc-linux-gnu/7.1.1/../../../../lib/crtn.o
COLLECT_GCC_OPTIONS='-v' '-rdynamic' '-o' 'cmTC_454c8' '-shared-libgcc' '-mtune=generic' '-march=x86-64'
make[1]: warning:  Clock skew detected.  Your build may be incomplete.
make[1]: Leaving directory '/home/shelly/mount/Hotprog/vmpw/fltk/CMakeFiles/CMakeTmp'
make: warning:  Clock skew detected.  Your build may be incomplete.


Parsed CXX implicit link information from above output:
  link line regex: [^( *|.*[/\])(ld|([^/\]+-)?ld|collect2)[^/\]*( |$)]
  ignore line: [Change Dir: /home/shelly/mount/Hotprog/vmpw/fltk/CMakeFiles/CMakeTmp]
  ignore line: []
  ignore line: [Run Build Command:"/usr/bin/make" "cmTC_454c8/fast"]
  ignore line: [make: Warning: File 'Makefile' has modification time 3549 s in the future]
  ignore line: [/usr/bin/make -f CMakeFiles/cmTC_454c8.dir/build.make CMakeFiles/cmTC_454c8.dir/build]
  ignore line: [make[1]: Entering directory '/home/shelly/mount/Hotprog/vmpw/fltk/CMakeFiles/CMakeTmp']
  ignore line: [make[1]: Warning: File 'CMakeFiles/cmTC_454c8.dir/flags.make' has modification time 3549 s in the future]
  ignore line: [Building CXX object CMakeFiles/cmTC_454c8.dir/CMakeCXXCompilerABI.cpp.o]
  ignore line: [/usr/bin/g++     -o CMakeFiles/cmTC_454c8.dir/CMakeCXXCompilerABI.cpp.o -c /usr/share/cmake-3.8/Modules/CMakeCXXCompilerABI.cpp]
  ignore line: [Linking CXX executable cmTC_454c8]
  ignore line: [/usr/bin/cmake -E cmake_link_script CMakeFiles/cmTC_454c8.dir/link.txt --verbose=1]
  ignore line: [/usr/bin/g++      -v -rdynamic CMakeFiles/cmTC_454c8.dir/CMakeCXXCompilerABI.cpp.o  -o cmTC_454c8 ]
  ignore line: [Using built-in specs.]
  ignore line: [COLLECT_GCC=/usr/bin/g++]
  ignore line: [COLLECT_LTO_WRAPPER=/usr/lib/gcc/x86_64-pc-linux-gnu/7.1.1/lto-wrapper]
  ignore line: [Target: x86_64-pc-linux-gnu]
  ignore line: [Configured with: /build/gcc-multilib/src/gcc/configure --prefix=/usr --libdir=/usr/lib --libexecdir=/usr/lib --mandir=/usr/share/man --infodir=/usr/share/info --with-bugurl=https://bugs.archlinux.org/ --enable-languages=c,c++,ada,fortran,go,lto,objc,obj-c++ --enable-shared --enable-threads=posix --enable-libmpx --with-system-zlib --with-isl --enable-__cxa_atexit --disable-libunwind-exceptions --enable-clocale=gnu --disable-libstdcxx-pch --disable-libssp --enable-gnu-unique-object --enable-linker-build-id --enable-lto --enable-plugin --enable-install-libiberty --with-linker-hash-style=gnu --enable-gnu-indirect-function --enable-multilib --disable-werror --enable-checking=release]
  ignore line: [Thread model: posix]
  ignore line: [gcc version 7.1.1 20170528 (GCC) ]
  ignore line: [COMPILER_PATH=/usr/lib/gcc/x86_64-pc-linux-gnu/7.1.1/:/usr/lib/gcc/x86_64-pc-linux-gnu/7.1.1/:/usr/lib/gcc/x86_64-pc-linux-gnu/:/usr/lib/gcc/x86_64-pc-linux-gnu/7.1.1/:/usr/lib/gcc/x86_64-pc-linux-gnu/]
  ignore line: [LIBRARY_PATH=/usr/lib/gcc/x86_64-pc-linux-gnu/7.1.1/:/usr/lib/gcc/x86_64-pc-linux-gnu/7.1.1/../../../../lib/:/lib/../lib/:/usr/lib/../lib/:/usr/lib/gcc/x86_64-pc-linux-gnu/7.1.1/../../../:/lib/:/usr/lib/]
  ignore line: [COLLECT_GCC_OPTIONS='-v' '-rdynamic' '-o' 'cmTC_454c8' '-shared-libgcc' '-mtune=generic' '-march=x86-64']
  link line: [ /usr/lib/gcc/x86_64-pc-linux-gnu/7.1.1/collect2 -plugin /usr/lib/gcc/x86_64-pc-linux-gnu/7.1.1/liblto_plugin.so -plugin-opt=/usr/lib/gcc/x86_64-pc-linux-gnu/7.1.1/lto-wrapper -plugin-opt=-fresolution=/tmp/cc30QEWE.res -plugin-opt=-pass-through=-lgcc_s -plugin-opt=-pass-through=-lgcc -plugin-opt=-pass-through=-lc -plugin-opt=-pass-through=-lgcc_s -plugin-opt=-pass-through=-lgcc --build-id --eh-frame-hdr --hash-style=gnu -m elf_x86_64 -export-dynamic -dynamic-linker /lib64/ld-linux-x86-64.so.2 -o cmTC_454c8 /usr/lib/gcc/x86_64-pc-linux-gnu/7.1.1/../../../../lib/crt1.o /usr/lib/gcc/x86_64-pc-linux-gnu/7.1.1/../../../../lib/crti.o /usr/lib/gcc/x86_64-pc-linux-gnu/7.1.1/crtbegin.o -L/usr/lib/gcc/x86_64-pc-linux-gnu/7.1.1 -L/usr/lib/gcc/x86_64-pc-linux-gnu/7.1.1/../../../../lib -L/lib/../lib -L/usr/lib/../lib -L/usr/lib/gcc/x86_64-pc-linux-gnu/7.1.1/../../.. CMakeFiles/cmTC_454c8.dir/CMakeCXXCompilerABI.cpp.o -lstdc++ -lm -lgcc_s -lgcc -lc -lgcc_s -lgcc /usr/lib/gcc/x86_64-pc-linux-gnu/7.1.1/crtend.o /usr/lib/gcc/x86_64-pc-linux-gnu/7.1.1/../../../../lib/crtn.o]
    arg [/usr/lib/gcc/x86_64-pc-linux-gnu/7.1.1/collect2] ==> ignore
    arg [-plugin] ==> ignore
    arg [/usr/lib/gcc/x86_64-pc-linux-gnu/7.1.1/liblto_plugin.so] ==> ignore
    arg [-plugin-opt=/usr/lib/gcc/x86_64-pc-linux-gnu/7.1.1/lto-wrapper] ==> ignore
    arg [-plugin-opt=-fresolution=/tmp/cc30QEWE.res] ==> ignore
    arg [-plugin-opt=-pass-through=-lgcc_s] ==> ignore
    arg [-plugin-opt=-pass-through=-lgcc] ==> ignore
    arg [-plugin-opt=-pass-through=-lc] ==> ignore
    arg [-plugin-opt=-pass-through=-lgcc_s] ==> ignore
    arg [-plugin-opt=-pass-through=-lgcc] ==> ignore
    arg [--build-id] ==> ignore
    arg [--eh-frame-hdr] ==> ignore
    arg [--hash-style=gnu] ==> ignore
    arg [-m] ==> ignore
    arg [elf_x86_64] ==> ignore
    arg [-export-dynamic] ==> ignore
    arg [-dynamic-linker] ==> ignore
    arg [/lib64/ld-linux-x86-64.so.2] ==> ignore
    arg [-o] ==> ignore
    arg [cmTC_454c8] ==> ignore
    arg [/usr/lib/gcc/x86_64-pc-linux-gnu/7.1.1/../../../../lib/crt1.o] ==> ignore
    arg [/usr/lib/gcc/x86_64-pc-linux-gnu/7.1.1/../../../../lib/crti.o] ==> ignore
    arg [/usr/lib/gcc/x86_64-pc-linux-gnu/7.1.1/crtbegin.o] ==> ignore
    arg [-L/usr/lib/gcc/x86_64-pc-linux-gnu/7.1.1] ==> dir [/usr/lib/gcc/x86_64-pc-linux-gnu/7.1.1]
    arg [-L/usr/lib/gcc/x86_64-pc-linux-gnu/7.1.1/../../../../lib] ==> dir [/usr/lib/gcc/x86_64-pc-linux-gnu/7.1.1/../../../../lib]
    arg [-L/lib/../lib] ==> dir [/lib/../lib]
    arg [-L/usr/lib/../lib] ==> dir [/usr/lib/../lib]
    arg [-L/usr/lib/gcc/x86_64-pc-linux-gnu/7.1.1/../../..] ==> dir [/usr/lib/gcc/x86_64-pc-linux-gnu/7.1.1/../../..]
    arg [CMakeFiles/cmTC_454c8.dir/CMakeCXXCompilerABI.cpp.o] ==> ignore
    arg [-lstdc++] ==> lib [stdc++]
    arg [-lm] ==> lib [m]
    arg [-lgcc_s] ==> lib [gcc_s]
    arg [-lgcc] ==> lib [gcc]
    arg [-lc] ==> lib [c]
    arg [-lgcc_s] ==> lib [gcc_s]
    arg [-lgcc] ==> lib [gcc]
    arg [/usr/lib/gcc/x86_64-pc-linux-gnu/7.1.1/crtend.o] ==> ignore
    arg [/usr/lib/gcc/x86_64-pc-linux-gnu/7.1.1/../../../../lib/crtn.o] ==> ignore
  remove lib [gcc_s]
  remove lib [gcc]
  remove lib [gcc_s]
  remove lib [gcc]
  collapse library dir [/usr/lib/gcc/x86_64-pc-linux-gnu/7.1.1] ==> [/usr/lib/gcc/x86_64-pc-linux-gnu/7.1.1]
  collapse library dir [/usr/lib/gcc/x86_64-pc-linux-gnu/7.1.1/../../../../lib] ==> [/usr/lib]
  collapse library dir [/lib/../lib] ==> [/lib]
  collapse library dir [/usr/lib/../lib] ==> [/usr/lib]
  collapse library dir [/usr/lib/gcc/x86_64-pc-linux-gnu/7.1.1/../../..] ==> [/usr/lib]
  implicit libs: [stdc++;m;c]
  implicit dirs: [/usr/lib/gcc/x86_64-pc-linux-gnu/7.1.1;/usr/lib;/lib]
  implicit fwks: []




Detecting CXX [-std=c++1z] compiler features compiled with the following output:
Change Dir: /home/shelly/mount/Hotprog/vmpw/fltk/CMakeFiles/CMakeTmp

Run Build Command:"/usr/bin/make" "cmTC_930f1/fast"
make: Warning: File 'Makefile' has modification time 3548 s in the future
/usr/bin/make -f CMakeFiles/cmTC_930f1.dir/build.make CMakeFiles/cmTC_930f1.dir/build
make[1]: Entering directory '/home/shelly/mount/Hotprog/vmpw/fltk/CMakeFiles/CMakeTmp'
make[1]: Warning: File 'CMakeFiles/cmTC_930f1.dir/flags.make' has modification time 3548 s in the future
Building CXX object CMakeFiles/cmTC_930f1.dir/feature_tests.cxx.o
/usr/bin/g++    -std=c++1z -o CMakeFiles/cmTC_930f1.dir/feature_tests.cxx.o -c /home/shelly/mount/Hotprog/vmpw/fltk/CMakeFiles/feature_tests.cxx
Linking CXX executable cmTC_930f1
/usr/bin/cmake -E cmake_link_script CMakeFiles/cmTC_930f1.dir/link.txt --verbose=1
/usr/bin/g++       -rdynamic CMakeFiles/cmTC_930f1.dir/feature_tests.cxx.o  -o cmTC_930f1 
make[1]: warning:  Clock skew detected.  Your build may be incomplete.
make[1]: Leaving directory '/home/shelly/mount/Hotprog/vmpw/fltk/CMakeFiles/CMakeTmp'
make: warning:  Clock skew detected.  Your build may be incomplete.


    Feature record: CXX_FEATURE:1cxx_aggregate_default_initializers
    Feature record: CXX_FEATURE:1cxx_alias_templates
    Feature record: CXX_FEATURE:1cxx_alignas
    Feature record: CXX_FEATURE:1cxx_alignof
    Feature record: CXX_FEATURE:1cxx_attributes
    Feature record: CXX_FEATURE:1cxx_attribute_deprecated
    Feature record: CXX_FEATURE:1cxx_auto_type
    Feature record: CXX_FEATURE:1cxx_binary_literals
    Feature record: CXX_FEATURE:1cxx_constexpr
    Feature record: CXX_FEATURE:1cxx_contextual_conversions
    Feature record: CXX_FEATURE:1cxx_decltype
    Feature record: CXX_FEATURE:1cxx_decltype_auto
    Feature record: CXX_FEATURE:1cxx_decltype_incomplete_return_types
    Feature record: CXX_FEATURE:1cxx_default_function_template_args
    Feature record: CXX_FEATURE:1cxx_defaulted_functions
    Feature record: CXX_FEATURE:1cxx_defaulted_move_initializers
    Feature record: CXX_FEATURE:1cxx_delegating_constructors
    Feature record: CXX_FEATURE:1cxx_deleted_functions
    Feature record: CXX_FEATURE:1cxx_digit_separators
    Feature record: CXX_FEATURE:1cxx_enum_forward_declarations
    Feature record: CXX_FEATURE:1cxx_explicit_conversions
    Feature record: CXX_FEATURE:1cxx_extended_friend_declarations
    Feature record: CXX_FEATURE:1cxx_extern_templates
    Feature record: CXX_FEATURE:1cxx_final
    Feature record: CXX_FEATURE:1cxx_func_identifier
    Feature record: CXX_FEATURE:1cxx_generalized_initializers
    Feature record: CXX_FEATURE:1cxx_generic_lambdas
    Feature record: CXX_FEATURE:1cxx_inheriting_constructors
    Feature record: CXX_FEATURE:1cxx_inline_namespaces
    Feature record: CXX_FEATURE:1cxx_lambdas
    Feature record: CXX_FEATURE:1cxx_lambda_init_captures
    Feature record: CXX_FEATURE:1cxx_local_type_template_args
    Feature record: CXX_FEATURE:1cxx_long_long_type
    Feature record: CXX_FEATURE:1cxx_noexcept
    Feature record: CXX_FEATURE:1cxx_nonstatic_member_init
    Feature record: CXX_FEATURE:1cxx_nullptr
    Feature record: CXX_FEATURE:1cxx_override
    Feature record: CXX_FEATURE:1cxx_range_for
    Feature record: CXX_FEATURE:1cxx_raw_string_literals
    Feature record: CXX_FEATURE:1cxx_reference_qualified_functions
    Feature record: CXX_FEATURE:1cxx_relaxed_constexpr
    Feature record: CXX_FEATURE:1cxx_return_type_deduction
    Feature record: CXX_FEATURE:1cxx_right_angle_brackets
    Feature record: CXX_FEATURE:1cxx_rvalue_references
    Feature record: CXX_FEATURE:1cxx_sizeof_member
    Feature record: CXX_FEATURE:1cxx_static_assert
    Feature record: CXX_FEATURE:1cxx_strong_enums
    Feature record: CXX_FEATURE:1cxx_template_template_parameters
    Feature record: CXX_FEATURE:1cxx_thread_local
    Feature record: CXX_FEATURE:1cxx_trailing_return_types
    Feature record: CXX_FEATURE:1cxx_unicode_literals
    Feature record: CXX_FEATURE:1cxx_uniform_initialization
    Feature record: CXX_FEATURE:1cxx_unrestricted_unions
    Feature record: CXX_FEATURE:1cxx_user_literals
    Feature record: CXX_FEATURE:1cxx_variable_templates
    Feature record: CXX_FEATURE:1cxx_variadic_macros
    Feature record: CXX_FEATURE:1cxx_variadic_templates


Detecting CXX [-std=c++14] compiler features compiled with the following output:
Change Dir: /home/shelly/mount/Hotprog/vmpw/fltk/CMakeFiles/CMakeTmp

Run Build Command:"/usr/bin/make" "cmTC_58e2a/fast"
make: Warning: File 'Makefile' has modification time 3549 s in the future
/usr/bin/make -f CMakeFiles/cmTC_58e2a.dir/build.make CMakeFiles/cmTC_58e2a.dir/build
make[1]: Entering directory '/home/shelly/mount/Hotprog/vmpw/fltk/CMakeFiles/CMakeTmp'
make[1]: Warning: File 'CMakeFiles/cmTC_58e2a.dir/flags.make' has modification time 3549 s in the future
Building CXX object CMakeFiles/cmTC_58e2a.dir/feature_tests.cxx.o
/usr/bin/g++    -std=c++14 -o CMakeFiles/cmTC_58e2a.dir/feature_tests.cxx.o -c /home/shelly/mount/Hotprog/vmpw/fltk/CMakeFiles/feature_tests.cxx
Linking CXX executable cmTC_58e2a
/usr/bin/cmake -E cmake_link_script CMakeFiles/cmTC_58e2a.dir/link.txt --verbose=1
/usr/bin/g++       -rdynamic CMakeFiles/cmTC_58e2a.dir/feature_tests.cxx.o  -o cmTC_58e2a 
make[1]: warning:  Clock skew detected.  Your build may be incomplete.
make[1]: Leaving directory '/home/shelly/mount/Hotprog/vmpw/fltk/CMakeFiles/CMakeTmp'
make: warning:  Clock skew detected.  Your build may be incomplete.


    Feature record: CXX_FEATURE:1cxx_aggregate_default_initializers
    Feature record: CXX_FEATURE:1cxx_alias_templates
    Feature record: CXX_FEATURE:1cxx_alignas
    Feature record: CXX_FEATURE:1cxx_alignof
    Feature record: CXX_FEATURE:1cxx_attributes
    Feature record: CXX_FEATURE:1cxx_attribute_deprecated
    Feature record: CXX_FEATURE:1cxx_auto_type
    Feature record: CXX_FEATURE:1cxx_binary_literals
    Feature record: CXX_FEATURE:1cxx_constexpr
    Feature record: CXX_FEATURE:1cxx_contextual_conversions
    Feature record: CXX_FEATURE:1cxx_decltype
    Feature record: CXX_FEATURE:1cxx_decltype_auto
    Feature record: CXX_FEATURE:1cxx_decltype_incomplete_return_types
    Feature record: CXX_FEATURE:1cxx_default_function_template_args
    Feature record: CXX_FEATURE:1cxx_defaulted_functions
    Feature record: CXX_FEATURE:1cxx_defaulted_move_initializers
    Feature record: CXX_FEATURE:1cxx_delegating_constructors
    Feature record: CXX_FEATURE:1cxx_deleted_functions
    Feature record: CXX_FEATURE:1cxx_digit_separators
    Feature record: CXX_FEATURE:1cxx_enum_forward_declarations
    Feature record: CXX_FEATURE:1cxx_explicit_conversions
    Feature record: CXX_FEATURE:1cxx_extended_friend_declarations
    Feature record: CXX_FEATURE:1cxx_extern_templates
    Feature record: CXX_FEATURE:1cxx_final
    Feature record: CXX_FEATURE:1cxx_func_identifier
    Feature record: CXX_FEATURE:1cxx_generalized_initializers
    Feature record: CXX_FEATURE:1cxx_generic_lambdas
    Feature record: CXX_FEATURE:1cxx_inheriting_constructors
    Feature record: CXX_FEATURE:1cxx_inline_namespaces
    Feature record: CXX_FEATURE:1cxx_lambdas
    Feature record: CXX_FEATURE:1cxx_lambda_init_captures
    Feature record: CXX_FEATURE:1cxx_local_type_template_args
    Feature record: CXX_FEATURE:1cxx_long_long_type
    Feature record: CXX_FEATURE:1cxx_noexcept
    Feature record: CXX_FEATURE:1cxx_nonstatic_member_init
    Feature record: CXX_FEATURE:1cxx_nullptr
    Feature record: CXX_FEATURE:1cxx_override
    Feature record: CXX_FEATURE:1cxx_range_for
    Feature record: CXX_FEATURE:1cxx_raw_string_literals
    Feature record: CXX_FEATURE:1cxx_reference_qualified_functions
    Feature record: CXX_FEATURE:1cxx_relaxed_constexpr
    Feature record: CXX_FEATURE:1cxx_return_type_deduction
    Feature record: CXX_FEATURE:1cxx_right_angle_brackets
    Feature record: CXX_FEATURE:1cxx_rvalue_references
    Feature record: CXX_FEATURE:1cxx_sizeof_member
    Feature record: CXX_FEATURE:1cxx_static_assert
    Feature record: CXX_FEATURE:1cxx_strong_enums
    Feature record: CXX_FEATURE:1cxx_template_template_parameters
    Feature record: CXX_FEATURE:1cxx_thread_local
    Feature record: CXX_FEATURE:1cxx_trailing_return_types
    Feature record: CXX_FEATURE:1cxx_unicode_literals
    Feature record: CXX_FEATURE:1cxx_uniform_initialization
    Feature record: CXX_FEATURE:1cxx_unrestricted_unions
    Feature record: CXX_FEATURE:1cxx_user_literals
    Feature record: CXX_FEATURE:1cxx_variable_templates
    Feature record: CXX_FEATURE:1cxx_variadic_macros
    Feature record: CXX_FEATURE:1cxx_variadic_templates


Detecting CXX [-std=c++11] compiler features compiled with the following output:
Change Dir: /home/shelly/mount/Hotprog/vmpw/fltk/CMakeFiles/CMakeTmp

Run Build Command:"/usr/bin/make" "cmTC_de738/fast"
make: Warning: File 'Makefile' has modification time 3548 s in the future
/usr/bin/make -f CMakeFiles/cmTC_de738.dir/build.make CMakeFiles/cmTC_de738.dir/build
make[1]: Entering directory '/home/shelly/mount/Hotprog/vmpw/fltk/CMakeFiles/CMakeTmp'
make[1]: Warning: File 'CMakeFiles/cmTC_de738.dir/flags.make' has modification time 3548 s in the future
Building CXX object CMakeFiles/cmTC_de738.dir/feature_tests.cxx.o
/usr/bin/g++    -std=c++11 -o CMakeFiles/cmTC_de738.dir/feature_tests.cxx.o -c /home/shelly/mount/Hotprog/vmpw/fltk/CMakeFiles/feature_tests.cxx
Linking CXX executable cmTC_de738
/usr/bin/cmake -E cmake_link_script CMakeFiles/cmTC_de738.dir/link.txt --verbose=1
/usr/bin/g++       -rdynamic CMakeFiles/cmTC_de738.dir/feature_tests.cxx.o  -o cmTC_de738 
make[1]: warning:  Clock skew detected.  Your build may be incomplete.
make[1]: Leaving directory '/home/shelly/mount/Hotprog/vmpw/fltk/CMakeFiles/CMakeTmp'
make: warning:  Clock skew detected.  Your build may be incomplete.


    Feature record: CXX_FEATURE:0cxx_aggregate_default_initializers
    Feature record: CXX_FEATURE:1cxx_alias_templates
    Feature record: CXX_FEATURE:1cxx_alignas
    Feature record: CXX_FEATURE:1cxx_alignof
    Feature record: CXX_FEATURE:1cxx_attributes
    Feature record: CXX_FEATURE:0cxx_attribute_deprecated
    Feature record: CXX_FEATURE:1cxx_auto_type
    Feature record: CXX_FEATURE:0cxx_binary_literals
    Feature record: CXX_FEATURE:1cxx_constexpr
    Feature record: CXX_FEATURE:0cxx_contextual_conversions
    Feature record: CXX_FEATURE:1cxx_decltype
    Feature record: CXX_FEATURE:0cxx_decltype_auto
    Feature record: CXX_FEATURE:1cxx_decltype_incomplete_return_types
    Feature record: CXX_FEATURE:1cxx_default_function_template_args
    Feature record: CXX_FEATURE:1cxx_defaulted_functions
    Feature record: CXX_FEATURE:1cxx_defaulted_move_initializers
    Feature record: CXX_FEATURE:1cxx_delegating_constructors
    Feature record: CXX_FEATURE:1cxx_deleted_functions
    Feature record: CXX_FEATURE:0cxx_digit_separators
    Feature record: CXX_FEATURE:1cxx_enum_forward_declarations
    Feature record: CXX_FEATURE:1cxx_explicit_conversions
    Feature record: CXX_FEATURE:1cxx_extended_friend_declarations
    Feature record: CXX_FEATURE:1cxx_extern_templates
    Feature record: CXX_FEATURE:1cxx_final
    Feature record: CXX_FEATURE:1cxx_func_identifier
    Feature record: CXX_FEATURE:1cxx_generalized_initializers
    Feature record: CXX_FEATURE:0cxx_generic_lambdas
    Feature record: CXX_FEATURE:1cxx_inheriting_constructors
    Feature record: CXX_FEATURE:1cxx_inline_namespaces
    Feature record: CXX_FEATURE:1cxx_lambdas
    Feature record: CXX_FEATURE:0cxx_lambda_init_captures
    Feature record: CXX_FEATURE:1cxx_local_type_template_args
    Feature record: CXX_FEATURE:1cxx_long_long_type
    Feature record: CXX_FEATURE:1cxx_noexcept
    Feature record: CXX_FEATURE:1cxx_nonstatic_member_init
    Feature record: CXX_FEATURE:1cxx_nullptr
    Feature record: CXX_FEATURE:1cxx_override
    Feature record: CXX_FEATURE:1cxx_range_for
    Feature record: CXX_FEATURE:1cxx_raw_string_literals
    Feature record: CXX_FEATURE:1cxx_reference_qualified_functions
    Feature record: CXX_FEATURE:0cxx_relaxed_constexpr
    Feature record: CXX_FEATURE:0cxx_return_type_deduction
    Feature record: CXX_FEATURE:1cxx_right_angle_brackets
    Feature record: CXX_FEATURE:1cxx_rvalue_references
    Feature record: CXX_FEATURE:1cxx_sizeof_member
    Feature record: CXX_FEATURE:1cxx_static_assert
    Feature record: CXX_FEATURE:1cxx_strong_enums
    Feature record: CXX_FEATURE:1cxx_template_template_parameters
    Feature record: CXX_FEATURE:1cxx_thread_local
    Feature record: CXX_FEATURE:1cxx_trailing_return_types
    Feature record: CXX_FEATURE:1cxx_unicode_literals
    Feature record: CXX_FEATURE:1cxx_uniform_initialization
    Feature record: CXX_FEATURE:1cxx_unrestricted_unions
    Feature record: CXX_FEATURE:1cxx_user_literals
    Feature record: CXX_FEATURE:0cxx_variable_templates
    Feature record: CXX_FEATURE:1cxx_variadic_macros
    Feature record: CXX_FEATURE:1cxx_variadic_templates


Detecting CXX [-std=c++98] compiler features compiled with the following output:
Change Dir: /home/shelly/mount/Hotprog/vmpw/fltk/CMakeFiles/CMakeTmp

Run Build Command:"/usr/bin/make" "cmTC_07cf1/fast"
make: Warning: File 'Makefile' has modification time 3549 s in the future
/usr/bin/make -f CMakeFiles/cmTC_07cf1.dir/build.make CMakeFiles/cmTC_07cf1.dir/build
make[1]: Entering directory '/home/shelly/mount/Hotprog/vmpw/fltk/CMakeFiles/CMakeTmp'
make[1]: Warning: File 'CMakeFiles/cmTC_07cf1.dir/flags.make' has modification time 3549 s in the future
Building CXX object CMakeFiles/cmTC_07cf1.dir/feature_tests.cxx.o
/usr/bin/g++    -std=c++98 -o CMakeFiles/cmTC_07cf1.dir/feature_tests.cxx.o -c /home/shelly/mount/Hotprog/vmpw/fltk/CMakeFiles/feature_tests.cxx
Linking CXX executable cmTC_07cf1
/usr/bin/cmake -E cmake_link_script CMakeFiles/cmTC_07cf1.dir/link.txt --verbose=1
/usr/bin/g++       -rdynamic CMakeFiles/cmTC_07cf1.dir/feature_tests.cxx.o  -o cmTC_07cf1 
make[1]: warning:  Clock skew detected.  Your build may be incomplete.
make[1]: Leaving directory '/home/shelly/mount/Hotprog/vmpw/fltk/CMakeFiles/CMakeTmp'
make: warning:  Clock skew detected.  Your build may be incomplete.


    Feature record: CXX_FEATURE:0cxx_aggregate_default_initializers
    Feature record: CXX_FEATURE:0cxx_alias_templates
    Feature record: CXX_FEATURE:0cxx_alignas
    Feature record: CXX_FEATURE:0cxx_alignof
    Feature record: CXX_FEATURE:0cxx_attributes
    Feature record: CXX_FEATURE:0cxx_attribute_deprecated
    Feature record: CXX_FEATURE:0cxx_auto_type
    Feature record: CXX_FEATURE:0cxx_binary_literals
    Feature record: CXX_FEATURE:0cxx_constexpr
    Feature record: CXX_FEATURE:0cxx_contextual_conversions
    Feature record: CXX_FEATURE:0cxx_decltype
    Feature record: CXX_FEATURE:0cxx_decltype_auto
    Feature record: CXX_FEATURE:0cxx_decltype_incomplete_return_types
    Feature record: CXX_FEATURE:0cxx_default_function_template_args
    Feature record: CXX_FEATURE:0cxx_defaulted_functions
    Feature record: CXX_FEATURE:0cxx_defaulted_move_initializers
    Feature record: CXX_FEATURE:0cxx_delegating_constructors
    Feature record: CXX_FEATURE:0cxx_deleted_functions
    Feature record: CXX_FEATURE:0cxx_digit_separators
    Feature record: CXX_FEATURE:0cxx_enum_forward_declarations
    Feature record: CXX_FEATURE:0cxx_explicit_conversions
    Feature record: CXX_FEATURE:0cxx_extended_friend_declarations
    Feature record: CXX_FEATURE:0cxx_extern_templates
    Feature record: CXX_FEATURE:0cxx_final
    Feature record: CXX_FEATURE:0cxx_func_identifier
    Feature record: CXX_FEATURE:0cxx_generalized_initializers
    Feature record: CXX_FEATURE:0cxx_generic_lambdas
    Feature record: CXX_FEATURE:0cxx_inheriting_constructors
    Feature record: CXX_FEATURE:0cxx_inline_namespaces
    Feature record: CXX_FEATURE:0cxx_lambdas
    Feature record: CXX_FEATURE:0cxx_lambda_init_captures
    Feature record: CXX_FEATURE:0cxx_local_type_template_args
    Feature record: CXX_FEATURE:0cxx_long_long_type
    Feature record: CXX_FEATURE:0cxx_noexcept
    Feature record: CXX_FEATURE:0cxx_nonstatic_member_init
    Feature record: CXX_FEATURE:0cxx_nullptr
    Feature record: CXX_FEATURE:0cxx_override
    Feature record: CXX_FEATURE:0cxx_range_for
    Feature record: CXX_FEATURE:0cxx_raw_string_literals
    Feature record: CXX_FEATURE:0cxx_reference_qualified_functions
    Feature record: CXX_FEATURE:0cxx_relaxed_constexpr
    Feature record: CXX_FEATURE:0cxx_return_type_deduction
    Feature record: CXX_FEATURE:0cxx_right_angle_brackets
    Feature record: CXX_FEATURE:0cxx_rvalue_references
    Feature record: CXX_FEATURE:0cxx_sizeof_member
    Feature record: CXX_FEATURE:0cxx_static_assert
    Feature record: CXX_FEATURE:0cxx_strong_enums
    Feature record: CXX_FEATURE:1cxx_template_template_parameters
    Feature record: CXX_FEATURE:0cxx_thread_local
    Feature record: CXX_FEATURE:0cxx_trailing_return_types
    Feature record: CXX_FEATURE:0cxx_unicode_literals
    Feature record: CXX_FEATURE:0cxx_uniform_initialization
    Feature record: CXX_FEATURE:0cxx_unrestricted_unions
    Feature record: CXX_FEATURE:0cxx_user_literals
    Feature record: CXX_FEATURE:0cxx_variable_templates
    Feature record: CXX_FEATURE:0cxx_variadic_macros
    Feature record: CXX_FEATURE:0cxx_variadic_templates
Determining if the include file sys/types.h exists passed with the following output:
Change Dir: /home/shelly/mount/Hotprog/vmpw/fltk/CMakeFiles/CMakeTmp

Run Build Command:"/usr/bin/make" "cmTC_6743a/fast"
make: Warning: File 'Makefile' has modification time 3548 s in the future
/usr/bin/make -f CMakeFiles/cmTC_6743a.dir/build.make CMakeFiles/cmTC_6743a.dir/build
make[1]: Entering directory '/home/shelly/mount/Hotprog/vmpw/fltk/CMakeFiles/CMakeTmp'
make[1]: Warning: File 'CMakeFiles/cmTC_6743a.dir/flags.make' has modification time 3548 s in the future
Building C object CMakeFiles/cmTC_6743a.dir/CheckIncludeFile.c.o
/usr/bin/gcc    -o CMakeFiles/cmTC_6743a.dir/CheckIncludeFile.c.o   -c /home/shelly/mount/Hotprog/vmpw/fltk/CMakeFiles/CMakeTmp/CheckIncludeFile.c
Linking C executable cmTC_6743a
/usr/bin/cmake -E cmake_link_script CMakeFiles/cmTC_6743a.dir/link.txt --verbose=1
/usr/bin/gcc      -rdynamic CMakeFiles/cmTC_6743a.dir/CheckIncludeFile.c.o  -o cmTC_6743a 
make[1]: warning:  Clock skew detected.  Your build may be incomplete.
make[1]: Leaving directory '/home/shelly/mount/Hotprog/vmpw/fltk/CMakeFiles/CMakeTmp'
make: warning:  Clock skew detected.  Your build may be incomplete.


Determining if the include file stdint.h exists passed with the following output:
Change Dir: /home/shelly/mount/Hotprog/vmpw/fltk/CMakeFiles/CMakeTmp

Run Build Command:"/usr/bin/make" "cmTC_50e95/fast"
make: Warning: File 'Makefile' has modification time 3548 s in the future
/usr/bin/make -f CMakeFiles/cmTC_50e95.dir/build.make CMakeFiles/cmTC_50e95.dir/build
make[1]: Entering directory '/home/shelly/mount/Hotprog/vmpw/fltk/CMakeFiles/CMakeTmp'
make[1]: Warning: File 'CMakeFiles/cmTC_50e95.dir/flags.make' has modification time 3548 s in the future
Building C object CMakeFiles/cmTC_50e95.dir/CheckIncludeFile.c.o
/usr/bin/gcc    -o CMakeFiles/cmTC_50e95.dir/CheckIncludeFile.c.o   -c /home/shelly/mount/Hotprog/vmpw/fltk/CMakeFiles/CMakeTmp/CheckIncludeFile.c
Linking C executable cmTC_50e95
/usr/bin/cmake -E cmake_link_script CMakeFiles/cmTC_50e95.dir/link.txt --verbose=1
/usr/bin/gcc      -rdynamic CMakeFiles/cmTC_50e95.dir/CheckIncludeFile.c.o  -o cmTC_50e95 
make[1]: warning:  Clock skew detected.  Your build may be incomplete.
make[1]: Leaving directory '/home/shelly/mount/Hotprog/vmpw/fltk/CMakeFiles/CMakeTmp'
make: warning:  Clock skew detected.  Your build may be incomplete.


Determining if the include file stddef.h exists passed with the following output:
Change Dir: /home/shelly/mount/Hotprog/vmpw/fltk/CMakeFiles/CMakeTmp

Run Build Command:"/usr/bin/make" "cmTC_24ef5/fast"
make: Warning: File 'Makefile' has modification time 3549 s in the future
/usr/bin/make -f CMakeFiles/cmTC_24ef5.dir/build.make CMakeFiles/cmTC_24ef5.dir/build
make[1]: Entering directory '/home/shelly/mount/Hotprog/vmpw/fltk/CMakeFiles/CMakeTmp'
make[1]: Warning: File 'CMakeFiles/cmTC_24ef5.dir/flags.make' has modification time 3549 s in the future
Building C object CMakeFiles/cmTC_24ef5.dir/CheckIncludeFile.c.o
/usr/bin/gcc    -o CMakeFiles/cmTC_24ef5.dir/CheckIncludeFile.c.o   -c /home/shelly/mount/Hotprog/vmpw/fltk/CMakeFiles/CMakeTmp/CheckIncludeFile.c
Linking C executable cmTC_24ef5
/usr/bin/cmake -E cmake_link_script CMakeFiles/cmTC_24ef5.dir/link.txt --verbose=1
/usr/bin/gcc      -rdynamic CMakeFiles/cmTC_24ef5.dir/CheckIncludeFile.c.o  -o cmTC_24ef5 
make[1]: warning:  Clock skew detected.  Your build may be incomplete.
make[1]: Leaving directory '/home/shelly/mount/Hotprog/vmpw/fltk/CMakeFiles/CMakeTmp'
make: warning:  Clock skew detected.  Your build may be incomplete.


Determining size of unsigned short passed with the following output:
Change Dir: /home/shelly/mount/Hotprog/vmpw/fltk/CMakeFiles/CMakeTmp

Run Build Command:"/usr/bin/make" "cmTC_74302/fast"
make: Warning: File 'Makefile' has modification time 3549 s in the future
/usr/bin/make -f CMakeFiles/cmTC_74302.dir/build.make CMakeFiles/cmTC_74302.dir/build
make[1]: Entering directory '/home/shelly/mount/Hotprog/vmpw/fltk/CMakeFiles/CMakeTmp'
make[1]: Warning: File 'CMakeFiles/cmTC_74302.dir/flags.make' has modification time 3549 s in the future
Building C object CMakeFiles/cmTC_74302.dir/CMAKE_SIZEOF_UNSIGNED_SHORT.c.o
/usr/bin/gcc    -o CMakeFiles/cmTC_74302.dir/CMAKE_SIZEOF_UNSIGNED_SHORT.c.o   -c /home/shelly/mount/Hotprog/vmpw/fltk/CMakeFiles/CheckTypeSize/CMAKE_SIZEOF_UNSIGNED_SHORT.c
Linking C executable cmTC_74302
/usr/bin/cmake -E cmake_link_script CMakeFiles/cmTC_74302.dir/link.txt --verbose=1
/usr/bin/gcc      -rdynamic CMakeFiles/cmTC_74302.dir/CMAKE_SIZEOF_UNSIGNED_SHORT.c.o  -o cmTC_74302 
make[1]: warning:  Clock skew detected.  Your build may be incomplete.
make[1]: Leaving directory '/home/shelly/mount/Hotprog/vmpw/fltk/CMakeFiles/CMakeTmp'
make: warning:  Clock skew detected.  Your build may be incomplete.


Determining if the system is big endian passed with the following output:
Change Dir: /home/shelly/mount/Hotprog/vmpw/fltk/CMakeFiles/CMakeTmp

Run Build Command:"/usr/bin/make" "cmTC_57280/fast"
make: Warning: File 'Makefile' has modification time 3548 s in the future
/usr/bin/make -f CMakeFiles/cmTC_57280.dir/build.make CMakeFiles/cmTC_57280.dir/build
make[1]: Entering directory '/home/shelly/mount/Hotprog/vmpw/fltk/CMakeFiles/CMakeTmp'
make[1]: Warning: File 'CMakeFiles/cmTC_57280.dir/flags.make' has modification time 3548 s in the future
Building C object CMakeFiles/cmTC_57280.dir/TestEndianess.c.o
/usr/bin/gcc    -o CMakeFiles/cmTC_57280.dir/TestEndianess.c.o   -c /home/shelly/mount/Hotprog/vmpw/fltk/CMakeFiles/CMakeTmp/TestEndianess.c
Linking C executable cmTC_57280
/usr/bin/cmake -E cmake_link_script CMakeFiles/cmTC_57280.dir/link.txt --verbose=1
/usr/bin/gcc      -rdynamic CMakeFiles/cmTC_57280.dir/TestEndianess.c.o  -o cmTC_57280 
make[1]: warning:  Clock skew detected.  Your build may be incomplete.
make[1]: Leaving directory '/home/shelly/mount/Hotprog/vmpw/fltk/CMakeFiles/CMakeTmp'
make: warning:  Clock skew detected.  Your build may be incomplete.

TestEndianess.c:
/* A 16 bit integer is required. */
typedef unsigned short cmakeint16;

/* On a little endian machine, these 16bit ints will give "THIS IS LITTLE ENDIAN."
   On a big endian machine the characters will be exchanged pairwise. */
const cmakeint16 info_little[] =  {0x4854, 0x5349, 0x4920, 0x2053, 0x494c, 0x5454, 0x454c, 0x4520, 0x444e, 0x4149, 0x2e4e, 0x0000};

/* on a big endian machine, these 16bit ints will give "THIS IS BIG ENDIAN."
   On a little endian machine the characters will be exchanged pairwise. */
const cmakeint16 info_big[] =     {0x5448, 0x4953, 0x2049, 0x5320, 0x4249, 0x4720, 0x454e, 0x4449, 0x414e, 0x2e2e, 0x0000};

#ifdef __CLASSIC_C__
int main(argc, argv) int argc; char *argv[];
#else
int main(int argc, char *argv[])
#endif
{
  int require = 0;
  require += info_little[argc];
  require += info_big[argc];
  (void)argv;
  return require;
}


Determining size of short passed with the following output:
Change Dir: /home/shelly/mount/Hotprog/vmpw/fltk/CMakeFiles/CMakeTmp

Run Build Command:"/usr/bin/make" "cmTC_95c44/fast"
make: Warning: File 'Makefile' has modification time 3548 s in the future
/usr/bin/make -f CMakeFiles/cmTC_95c44.dir/build.make CMakeFiles/cmTC_95c44.dir/build
make[1]: Entering directory '/home/shelly/mount/Hotprog/vmpw/fltk/CMakeFiles/CMakeTmp'
make[1]: Warning: File 'CMakeFiles/cmTC_95c44.dir/flags.make' has modification time 3548 s in the future
Building C object CMakeFiles/cmTC_95c44.dir/SIZEOF_SHORT.c.o
/usr/bin/gcc    -o CMakeFiles/cmTC_95c44.dir/SIZEOF_SHORT.c.o   -c /home/shelly/mount/Hotprog/vmpw/fltk/CMakeFiles/CheckTypeSize/SIZEOF_SHORT.c
Linking C executable cmTC_95c44
/usr/bin/cmake -E cmake_link_script CMakeFiles/cmTC_95c44.dir/link.txt --verbose=1
/usr/bin/gcc      -rdynamic CMakeFiles/cmTC_95c44.dir/SIZEOF_SHORT.c.o  -o cmTC_95c44 
make[1]: warning:  Clock skew detected.  Your build may be incomplete.
make[1]: Leaving directory '/home/shelly/mount/Hotprog/vmpw/fltk/CMakeFiles/CMakeTmp'
make: warning:  Clock skew detected.  Your build may be incomplete.


Determining size of int passed with the following output:
Change Dir: /home/shelly/mount/Hotprog/vmpw/fltk/CMakeFiles/CMakeTmp

Run Build Command:"/usr/bin/make" "cmTC_d4cb7/fast"
make: Warning: File 'Makefile' has modification time 3549 s in the future
/usr/bin/make -f CMakeFiles/cmTC_d4cb7.dir/build.make CMakeFiles/cmTC_d4cb7.dir/build
make[1]: Entering directory '/home/shelly/mount/Hotprog/vmpw/fltk/CMakeFiles/CMakeTmp'
make[1]: Warning: File 'CMakeFiles/cmTC_d4cb7.dir/flags.make' has modification time 3549 s in the future
Building C object CMakeFiles/cmTC_d4cb7.dir/SIZEOF_INT.c.o
/usr/bin/gcc    -o CMakeFiles/cmTC_d4cb7.dir/SIZEOF_INT.c.o   -c /home/shelly/mount/Hotprog/vmpw/fltk/CMakeFiles/CheckTypeSize/SIZEOF_INT.c
Linking C executable cmTC_d4cb7
/usr/bin/cmake -E cmake_link_script CMakeFiles/cmTC_d4cb7.dir/link.txt --verbose=1
/usr/bin/gcc      -rdynamic CMakeFiles/cmTC_d4cb7.dir/SIZEOF_INT.c.o  -o cmTC_d4cb7 
make[1]: warning:  Clock skew detected.  Your build may be incomplete.
make[1]: Leaving directory '/home/shelly/mount/Hotprog/vmpw/fltk/CMakeFiles/CMakeTmp'
make: warning:  Clock skew detected.  Your build may be incomplete.


Determining size of long passed with the following output:
Change Dir: /home/shelly/mount/Hotprog/vmpw/fltk/CMakeFiles/CMakeTmp

Run Build Command:"/usr/bin/make" "cmTC_3c154/fast"
make: Warning: File 'Makefile' has modification time 3549 s in the future
/usr/bin/make -f CMakeFiles/cmTC_3c154.dir/build.make CMakeFiles/cmTC_3c154.dir/build
make[1]: Entering directory '/home/shelly/mount/Hotprog/vmpw/fltk/CMakeFiles/CMakeTmp'
make[1]: Warning: File 'CMakeFiles/cmTC_3c154.dir/flags.make' has modification time 3549 s in the future
Building C object CMakeFiles/cmTC_3c154.dir/SIZEOF_LONG.c.o
/usr/bin/gcc    -o CMakeFiles/cmTC_3c154.dir/SIZEOF_LONG.c.o   -c /home/shelly/mount/Hotprog/vmpw/fltk/CMakeFiles/CheckTypeSize/SIZEOF_LONG.c
Linking C executable cmTC_3c154
/usr/bin/cmake -E cmake_link_script CMakeFiles/cmTC_3c154.dir/link.txt --verbose=1
/usr/bin/gcc      -rdynamic CMakeFiles/cmTC_3c154.dir/SIZEOF_LONG.c.o  -o cmTC_3c154 
make[1]: warning:  Clock skew detected.  Your build may be incomplete.
make[1]: Leaving directory '/home/shelly/mount/Hotprog/vmpw/fltk/CMakeFiles/CMakeTmp'
make: warning:  Clock skew detected.  Your build may be incomplete.


Determining size of long long passed with the following output:
Change Dir: /home/shelly/mount/Hotprog/vmpw/fltk/CMakeFiles/CMakeTmp

Run Build Command:"/usr/bin/make" "cmTC_07d84/fast"
make: Warning: File 'Makefile' has modification time 3548 s in the future
/usr/bin/make -f CMakeFiles/cmTC_07d84.dir/build.make CMakeFiles/cmTC_07d84.dir/build
make[1]: Entering directory '/home/shelly/mount/Hotprog/vmpw/fltk/CMakeFiles/CMakeTmp'
make[1]: Warning: File 'CMakeFiles/cmTC_07d84.dir/flags.make' has modification time 3548 s in the future
Building C object CMakeFiles/cmTC_07d84.dir/HAVE_LONG_LONG.c.o
/usr/bin/gcc    -o CMakeFiles/cmTC_07d84.dir/HAVE_LONG_LONG.c.o   -c /home/shelly/mount/Hotprog/vmpw/fltk/CMakeFiles/CheckTypeSize/HAVE_LONG_LONG.c
Linking C executable cmTC_07d84
/usr/bin/cmake -E cmake_link_script CMakeFiles/cmTC_07d84.dir/link.txt --verbose=1
/usr/bin/gcc      -rdynamic CMakeFiles/cmTC_07d84.dir/HAVE_LONG_LONG.c.o  -o cmTC_07d84 
make[1]: warning:  Clock skew detected.  Your build may be incomplete.
make[1]: Leaving directory '/home/shelly/mount/Hotprog/vmpw/fltk/CMakeFiles/CMakeTmp'
make: warning:  Clock skew detected.  Your build may be incomplete.


Determining if the function dlsym exists passed with the following output:
Change Dir: /home/shelly/mount/Hotprog/vmpw/fltk/CMakeFiles/CMakeTmp

Run Build Command:"/usr/bin/make" "cmTC_ef7f7/fast"
make: Warning: File 'Makefile' has modification time 3548 s in the future
/usr/bin/make -f CMakeFiles/cmTC_ef7f7.dir/build.make CMakeFiles/cmTC_ef7f7.dir/build
make[1]: Entering directory '/home/shelly/mount/Hotprog/vmpw/fltk/CMakeFiles/CMakeTmp'
make[1]: Warning: File 'CMakeFiles/cmTC_ef7f7.dir/flags.make' has modification time 3548 s in the future
Building C object CMakeFiles/cmTC_ef7f7.dir/CheckFunctionExists.c.o
/usr/bin/gcc   -DCHECK_FUNCTION_EXISTS=dlsym   -o CMakeFiles/cmTC_ef7f7.dir/CheckFunctionExists.c.o   -c /usr/share/cmake-3.8/Modules/CheckFunctionExists.c
Linking C executable cmTC_ef7f7
/usr/bin/cmake -E cmake_link_script CMakeFiles/cmTC_ef7f7.dir/link.txt --verbose=1
/usr/bin/gcc  -DCHECK_FUNCTION_EXISTS=dlsym    -rdynamic CMakeFiles/cmTC_ef7f7.dir/CheckFunctionExists.c.o  -o cmTC_ef7f7 -ldl 
make[1]: warning:  Clock skew detected.  Your build may be incomplete.
make[1]: Leaving directory '/home/shelly/mount/Hotprog/vmpw/fltk/CMakeFiles/CMakeTmp'
make: warning:  Clock skew detected.  Your build may be incomplete.


Determining if the function localeconv exists passed with the following output:
Change Dir: /home/shelly/mount/Hotprog/vmpw/fltk/CMakeFiles/CMakeTmp

Run Build Command:"/usr/bin/make" "cmTC_6ab0b/fast"
make: Warning: File 'Makefile' has modification time 3548 s in the future
/usr/bin/make -f CMakeFiles/cmTC_6ab0b.dir/build.make CMakeFiles/cmTC_6ab0b.dir/build
make[1]: Entering directory '/home/shelly/mount/Hotprog/vmpw/fltk/CMakeFiles/CMakeTmp'
make[1]: Warning: File 'CMakeFiles/cmTC_6ab0b.dir/flags.make' has modification time 3548 s in the future
Building C object CMakeFiles/cmTC_6ab0b.dir/CheckFunctionExists.c.o
/usr/bin/gcc   -DCHECK_FUNCTION_EXISTS=localeconv   -o CMakeFiles/cmTC_6ab0b.dir/CheckFunctionExists.c.o   -c /usr/share/cmake-3.8/Modules/CheckFunctionExists.c
Linking C executable cmTC_6ab0b
/usr/bin/cmake -E cmake_link_script CMakeFiles/cmTC_6ab0b.dir/link.txt --verbose=1
/usr/bin/gcc  -DCHECK_FUNCTION_EXISTS=localeconv    -rdynamic CMakeFiles/cmTC_6ab0b.dir/CheckFunctionExists.c.o  -o cmTC_6ab0b 
make[1]: warning:  Clock skew detected.  Your build may be incomplete.
make[1]: Leaving directory '/home/shelly/mount/Hotprog/vmpw/fltk/CMakeFiles/CMakeTmp'
make: warning:  Clock skew detected.  Your build may be incomplete.


Determining if the function png_get_valid exists passed with the following output:
Change Dir: /home/shelly/mount/Hotprog/vmpw/fltk/CMakeFiles/CMakeTmp

Run Build Command:"/usr/bin/make" "cmTC_88fbe/fast"
make: Warning: File 'Makefile' has modification time 3549 s in the future
/usr/bin/make -f CMakeFiles/cmTC_88fbe.dir/build.make CMakeFiles/cmTC_88fbe.dir/build
make[1]: Entering directory '/home/shelly/mount/Hotprog/vmpw/fltk/CMakeFiles/CMakeTmp'
make[1]: Warning: File 'CMakeFiles/cmTC_88fbe.dir/flags.make' has modification time 3549 s in the future
Building C object CMakeFiles/cmTC_88fbe.dir/CheckFunctionExists.c.o
/usr/bin/gcc   -DCHECK_FUNCTION_EXISTS=png_get_valid   -o CMakeFiles/cmTC_88fbe.dir/CheckFunctionExists.c.o   -c /usr/share/cmake-3.8/Modules/CheckFunctionExists.c
Linking C executable cmTC_88fbe
/usr/bin/cmake -E cmake_link_script CMakeFiles/cmTC_88fbe.dir/link.txt --verbose=1
/usr/bin/gcc  -DCHECK_FUNCTION_EXISTS=png_get_valid    -rdynamic CMakeFiles/cmTC_88fbe.dir/CheckFunctionExists.c.o  -o cmTC_88fbe /usr/lib/libpng.so 
make[1]: warning:  Clock skew detected.  Your build may be incomplete.
make[1]: Leaving directory '/home/shelly/mount/Hotprog/vmpw/fltk/CMakeFiles/CMakeTmp'
make: warning:  Clock skew detected.  Your build may be incomplete.


Determining if the function png_set_tRNS_to_alpha exists passed with the following output:
Change Dir: /home/shelly/mount/Hotprog/vmpw/fltk/CMakeFiles/CMakeTmp

Run Build Command:"/usr/bin/make" "cmTC_8e8f2/fast"
make: Warning: File 'Makefile' has modification time 3549 s in the future
/usr/bin/make -f CMakeFiles/cmTC_8e8f2.dir/build.make CMakeFiles/cmTC_8e8f2.dir/build
make[1]: Entering directory '/home/shelly/mount/Hotprog/vmpw/fltk/CMakeFiles/CMakeTmp'
make[1]: Warning: File 'CMakeFiles/cmTC_8e8f2.dir/flags.make' has modification time 3549 s in the future
Building C object CMakeFiles/cmTC_8e8f2.dir/CheckFunctionExists.c.o
/usr/bin/gcc   -DCHECK_FUNCTION_EXISTS=png_set_tRNS_to_alpha   -o CMakeFiles/cmTC_8e8f2.dir/CheckFunctionExists.c.o   -c /usr/share/cmake-3.8/Modules/CheckFunctionExists.c
Linking C executable cmTC_8e8f2
/usr/bin/cmake -E cmake_link_script CMakeFiles/cmTC_8e8f2.dir/link.txt --verbose=1
/usr/bin/gcc  -DCHECK_FUNCTION_EXISTS=png_set_tRNS_to_alpha    -rdynamic CMakeFiles/cmTC_8e8f2.dir/CheckFunctionExists.c.o  -o cmTC_8e8f2 /usr/lib/libpng.so 
make[1]: warning:  Clock skew detected.  Your build may be incomplete.
make[1]: Leaving directory '/home/shelly/mount/Hotprog/vmpw/fltk/CMakeFiles/CMakeTmp'
make: warning:  Clock skew detected.  Your build may be incomplete.


Determining if the function scandir exists passed with the following output:
Change Dir: /home/shelly/mount/Hotprog/vmpw/fltk/CMakeFiles/CMakeTmp

Run Build Command:"/usr/bin/make" "cmTC_ccb48/fast"
make: Warning: File 'Makefile' has modification time 3548 s in the future
/usr/bin/make -f CMakeFiles/cmTC_ccb48.dir/build.make CMakeFiles/cmTC_ccb48.dir/build
make[1]: Entering directory '/home/shelly/mount/Hotprog/vmpw/fltk/CMakeFiles/CMakeTmp'
make[1]: Warning: File 'CMakeFiles/cmTC_ccb48.dir/flags.make' has modification time 3548 s in the future
Building C object CMakeFiles/cmTC_ccb48.dir/CheckFunctionExists.c.o
/usr/bin/gcc   -DCHECK_FUNCTION_EXISTS=scandir   -o CMakeFiles/cmTC_ccb48.dir/CheckFunctionExists.c.o   -c /usr/share/cmake-3.8/Modules/CheckFunctionExists.c
Linking C executable cmTC_ccb48
/usr/bin/cmake -E cmake_link_script CMakeFiles/cmTC_ccb48.dir/link.txt --verbose=1
/usr/bin/gcc  -DCHECK_FUNCTION_EXISTS=scandir    -rdynamic CMakeFiles/cmTC_ccb48.dir/CheckFunctionExists.c.o  -o cmTC_ccb48 
make[1]: warning:  Clock skew detected.  Your build may be incomplete.
make[1]: Leaving directory '/home/shelly/mount/Hotprog/vmpw/fltk/CMakeFiles/CMakeTmp'
make: warning:  Clock skew detected.  Your build may be incomplete.


Determining if the function snprintf exists passed with the following output:
Change Dir: /home/shelly/mount/Hotprog/vmpw/fltk/CMakeFiles/CMakeTmp

Run Build Command:"/usr/bin/make" "cmTC_49b65/fast"
make: Warning: File 'Makefile' has modification time 3548 s in the future
/usr/bin/make -f CMakeFiles/cmTC_49b65.dir/build.make CMakeFiles/cmTC_49b65.dir/build
make[1]: Entering directory '/home/shelly/mount/Hotprog/vmpw/fltk/CMakeFiles/CMakeTmp'
make[1]: Warning: File 'CMakeFiles/cmTC_49b65.dir/flags.make' has modification time 3548 s in the future
Building C object CMakeFiles/cmTC_49b65.dir/CheckFunctionExists.c.o
/usr/bin/gcc   -DCHECK_FUNCTION_EXISTS=snprintf   -o CMakeFiles/cmTC_49b65.dir/CheckFunctionExists.c.o   -c /usr/share/cmake-3.8/Modules/CheckFunctionExists.c
<command-line>:0:23: warning: conflicting types for built-in function snprintf [-Wbuiltin-declaration-mismatch]
/usr/share/cmake-3.8/Modules/CheckFunctionExists.c:7:3: note: in expansion of macro CHECK_FUNCTION_EXISTS
   CHECK_FUNCTION_EXISTS(void);
   ^~~~~~~~~~~~~~~~~~~~~
Linking C executable cmTC_49b65
/usr/bin/cmake -E cmake_link_script CMakeFiles/cmTC_49b65.dir/link.txt --verbose=1
/usr/bin/gcc  -DCHECK_FUNCTION_EXISTS=snprintf    -rdynamic CMakeFiles/cmTC_49b65.dir/CheckFunctionExists.c.o  -o cmTC_49b65 
make[1]: warning:  Clock skew detected.  Your build may be incomplete.
make[1]: Leaving directory '/home/shelly/mount/Hotprog/vmpw/fltk/CMakeFiles/CMakeTmp'
make: warning:  Clock skew detected.  Your build may be incomplete.


Determining if the function strcasecmp exists passed with the following output:
Change Dir: /home/shelly/mount/Hotprog/vmpw/fltk/CMakeFiles/CMakeTmp

Run Build Command:"/usr/bin/make" "cmTC_0e787/fast"
make: Warning: File 'Makefile' has modification time 3548 s in the future
/usr/bin/make -f CMakeFiles/cmTC_0e787.dir/build.make CMakeFiles/cmTC_0e787.dir/build
make[1]: Entering directory '/home/shelly/mount/Hotprog/vmpw/fltk/CMakeFiles/CMakeTmp'
make[1]: Warning: File 'CMakeFiles/cmTC_0e787.dir/flags.make' has modification time 3548 s in the future
Building C object CMakeFiles/cmTC_0e787.dir/CheckFunctionExists.c.o
/usr/bin/gcc   -DCHECK_FUNCTION_EXISTS=strcasecmp   -o CMakeFiles/cmTC_0e787.dir/CheckFunctionExists.c.o   -c /usr/share/cmake-3.8/Modules/CheckFunctionExists.c
<command-line>:0:23: warning: conflicting types for built-in function strcasecmp [-Wbuiltin-declaration-mismatch]
/usr/share/cmake-3.8/Modules/CheckFunctionExists.c:7:3: note: in expansion of macro CHECK_FUNCTION_EXISTS
   CHECK_FUNCTION_EXISTS(void);
   ^~~~~~~~~~~~~~~~~~~~~
Linking C executable cmTC_0e787
/usr/bin/cmake -E cmake_link_script CMakeFiles/cmTC_0e787.dir/link.txt --verbose=1
/usr/bin/gcc  -DCHECK_FUNCTION_EXISTS=strcasecmp    -rdynamic CMakeFiles/cmTC_0e787.dir/CheckFunctionExists.c.o  -o cmTC_0e787 
make[1]: warning:  Clock skew detected.  Your build may be incomplete.
make[1]: Leaving directory '/home/shelly/mount/Hotprog/vmpw/fltk/CMakeFiles/CMakeTmp'
make: warning:  Clock skew detected.  Your build may be incomplete.


Determining if the function vsnprintf exists passed with the following output:
Change Dir: /home/shelly/mount/Hotprog/vmpw/fltk/CMakeFiles/CMakeTmp

Run Build Command:"/usr/bin/make" "cmTC_a0a4c/fast"
make: Warning: File 'Makefile' has modification time 3548 s in the future
/usr/bin/make -f CMakeFiles/cmTC_a0a4c.dir/build.make CMakeFiles/cmTC_a0a4c.dir/build
make[1]: Entering directory '/home/shelly/mount/Hotprog/vmpw/fltk/CMakeFiles/CMakeTmp'
make[1]: Warning: File 'CMakeFiles/cmTC_a0a4c.dir/flags.make' has modification time 3548 s in the future
Building C object CMakeFiles/cmTC_a0a4c.dir/CheckFunctionExists.c.o
/usr/bin/gcc   -DCHECK_FUNCTION_EXISTS=vsnprintf   -o CMakeFiles/cmTC_a0a4c.dir/CheckFunctionExists.c.o   -c /usr/share/cmake-3.8/Modules/CheckFunctionExists.c
<command-line>:0:23: warning: conflicting types for built-in function vsnprintf [-Wbuiltin-declaration-mismatch]
/usr/share/cmake-3.8/Modules/CheckFunctionExists.c:7:3: note: in expansion of macro CHECK_FUNCTION_EXISTS
   CHECK_FUNCTION_EXISTS(void);
   ^~~~~~~~~~~~~~~~~~~~~
Linking C executable cmTC_a0a4c
/usr/bin/cmake -E cmake_link_script CMakeFiles/cmTC_a0a4c.dir/link.txt --verbose=1
/usr/bin/gcc  -DCHECK_FUNCTION_EXISTS=vsnprintf    -rdynamic CMakeFiles/cmTC_a0a4c.dir/CheckFunctionExists.c.o  -o cmTC_a0a4c 
make[1]: warning:  Clock skew detected.  Your build may be incomplete.
make[1]: Leaving directory '/home/shelly/mount/Hotprog/vmpw/fltk/CMakeFiles/CMakeTmp'
make: warning:  Clock skew detected.  Your build may be incomplete.


Determining if the function XOpenDisplay exists in the /usr/lib/libX11.so;/usr/lib/libXext.so passed with the following output:
Change Dir: /home/shelly/mount/Hotprog/vmpw/fltk/CMakeFiles/CMakeTmp

Run Build Command:"/usr/bin/make" "cmTC_a8792/fast"
make: Warning: File 'Makefile' has modification time 3548 s in the future
/usr/bin/make -f CMakeFiles/cmTC_a8792.dir/build.make CMakeFiles/cmTC_a8792.dir/build
make[1]: Entering directory '/home/shelly/mount/Hotprog/vmpw/fltk/CMakeFiles/CMakeTmp'
make[1]: Warning: File 'CMakeFiles/cmTC_a8792.dir/flags.make' has modification time 3548 s in the future
Building C object CMakeFiles/cmTC_a8792.dir/CheckFunctionExists.c.o
/usr/bin/gcc   -DCHECK_FUNCTION_EXISTS=XOpenDisplay   -o CMakeFiles/cmTC_a8792.dir/CheckFunctionExists.c.o   -c /usr/share/cmake-3.8/Modules/CheckFunctionExists.c
Linking C executable cmTC_a8792
/usr/bin/cmake -E cmake_link_script CMakeFiles/cmTC_a8792.dir/link.txt --verbose=1
/usr/bin/gcc  -DCHECK_FUNCTION_EXISTS=XOpenDisplay    -rdynamic CMakeFiles/cmTC_a8792.dir/CheckFunctionExists.c.o  -o cmTC_a8792 /usr/lib/libX11.so /usr/lib/libXext.so 
make[1]: warning:  Clock skew detected.  Your build may be incomplete.
make[1]: Leaving directory '/home/shelly/mount/Hotprog/vmpw/fltk/CMakeFiles/CMakeTmp'
make: warning:  Clock skew detected.  Your build may be incomplete.


Determining if the function gethostbyname exists passed with the following output:
Change Dir: /home/shelly/mount/Hotprog/vmpw/fltk/CMakeFiles/CMakeTmp

Run Build Command:"/usr/bin/make" "cmTC_3eb36/fast"
make: Warning: File 'Makefile' has modification time 3549 s in the future
/usr/bin/make -f CMakeFiles/cmTC_3eb36.dir/build.make CMakeFiles/cmTC_3eb36.dir/build
make[1]: Entering directory '/home/shelly/mount/Hotprog/vmpw/fltk/CMakeFiles/CMakeTmp'
make[1]: Warning: File 'CMakeFiles/cmTC_3eb36.dir/flags.make' has modification time 3549 s in the future
Building C object CMakeFiles/cmTC_3eb36.dir/CheckFunctionExists.c.o
/usr/bin/gcc   -DCHECK_FUNCTION_EXISTS=gethostbyname   -o CMakeFiles/cmTC_3eb36.dir/CheckFunctionExists.c.o   -c /usr/share/cmake-3.8/Modules/CheckFunctionExists.c
Linking C executable cmTC_3eb36
/usr/bin/cmake -E cmake_link_script CMakeFiles/cmTC_3eb36.dir/link.txt --verbose=1
/usr/bin/gcc  -DCHECK_FUNCTION_EXISTS=gethostbyname    -rdynamic CMakeFiles/cmTC_3eb36.dir/CheckFunctionExists.c.o  -o cmTC_3eb36 
make[1]: warning:  Clock skew detected.  Your build may be incomplete.
make[1]: Leaving directory '/home/shelly/mount/Hotprog/vmpw/fltk/CMakeFiles/CMakeTmp'
make: warning:  Clock skew detected.  Your build may be incomplete.


Determining if the function connect exists passed with the following output:
Change Dir: /home/shelly/mount/Hotprog/vmpw/fltk/CMakeFiles/CMakeTmp

Run Build Command:"/usr/bin/make" "cmTC_b8461/fast"
make: Warning: File 'Makefile' has modification time 3549 s in the future
/usr/bin/make -f CMakeFiles/cmTC_b8461.dir/build.make CMakeFiles/cmTC_b8461.dir/build
make[1]: Entering directory '/home/shelly/mount/Hotprog/vmpw/fltk/CMakeFiles/CMakeTmp'
make[1]: Warning: File 'CMakeFiles/cmTC_b8461.dir/flags.make' has modification time 3549 s in the future
Building C object CMakeFiles/cmTC_b8461.dir/CheckFunctionExists.c.o
/usr/bin/gcc   -DCHECK_FUNCTION_EXISTS=connect   -o CMakeFiles/cmTC_b8461.dir/CheckFunctionExists.c.o   -c /usr/share/cmake-3.8/Modules/CheckFunctionExists.c
Linking C executable cmTC_b8461
/usr/bin/cmake -E cmake_link_script CMakeFiles/cmTC_b8461.dir/link.txt --verbose=1
/usr/bin/gcc  -DCHECK_FUNCTION_EXISTS=connect    -rdynamic CMakeFiles/cmTC_b8461.dir/CheckFunctionExists.c.o  -o cmTC_b8461 
make[1]: warning:  Clock skew detected.  Your build may be incomplete.
make[1]: Leaving directory '/home/shelly/mount/Hotprog/vmpw/fltk/CMakeFiles/CMakeTmp'
make: warning:  Clock skew detected.  Your build may be incomplete.


Determining if the function remove exists passed with the following output:
Change Dir: /home/shelly/mount/Hotprog/vmpw/fltk/CMakeFiles/CMakeTmp

Run Build Command:"/usr/bin/make" "cmTC_1effc/fast"
make: Warning: File 'Makefile' has modification time 3548 s in the future
/usr/bin/make -f CMakeFiles/cmTC_1effc.dir/build.make CMakeFiles/cmTC_1effc.dir/build
make[1]: Entering directory '/home/shelly/mount/Hotprog/vmpw/fltk/CMakeFiles/CMakeTmp'
make[1]: Warning: File 'CMakeFiles/cmTC_1effc.dir/flags.make' has modification time 3548 s in the future
Building C object CMakeFiles/cmTC_1effc.dir/CheckFunctionExists.c.o
/usr/bin/gcc   -DCHECK_FUNCTION_EXISTS=remove   -o CMakeFiles/cmTC_1effc.dir/CheckFunctionExists.c.o   -c /usr/share/cmake-3.8/Modules/CheckFunctionExists.c
Linking C executable cmTC_1effc
/usr/bin/cmake -E cmake_link_script CMakeFiles/cmTC_1effc.dir/link.txt --verbose=1
/usr/bin/gcc  -DCHECK_FUNCTION_EXISTS=remove    -rdynamic CMakeFiles/cmTC_1effc.dir/CheckFunctionExists.c.o  -o cmTC_1effc 
make[1]: warning:  Clock skew detected.  Your build may be incomplete.
make[1]: Leaving directory '/home/shelly/mount/Hotprog/vmpw/fltk/CMakeFiles/CMakeTmp'
make: warning:  Clock skew detected.  Your build may be incomplete.


Determining if the function shmat exists passed with the following output:
Change Dir: /home/shelly/mount/Hotprog/vmpw/fltk/CMakeFiles/CMakeTmp

Run Build Command:"/usr/bin/make" "cmTC_095cc/fast"
make: Warning: File 'Makefile' has modification time 3548 s in the future
/usr/bin/make -f CMakeFiles/cmTC_095cc.dir/build.make CMakeFiles/cmTC_095cc.dir/build
make[1]: Entering directory '/home/shelly/mount/Hotprog/vmpw/fltk/CMakeFiles/CMakeTmp'
make[1]: Warning: File 'CMakeFiles/cmTC_095cc.dir/flags.make' has modification time 3548 s in the future
Building C object CMakeFiles/cmTC_095cc.dir/CheckFunctionExists.c.o
/usr/bin/gcc   -DCHECK_FUNCTION_EXISTS=shmat   -o CMakeFiles/cmTC_095cc.dir/CheckFunctionExists.c.o   -c /usr/share/cmake-3.8/Modules/CheckFunctionExists.c
Linking C executable cmTC_095cc
/usr/bin/cmake -E cmake_link_script CMakeFiles/cmTC_095cc.dir/link.txt --verbose=1
/usr/bin/gcc  -DCHECK_FUNCTION_EXISTS=shmat    -rdynamic CMakeFiles/cmTC_095cc.dir/CheckFunctionExists.c.o  -o cmTC_095cc 
make[1]: warning:  Clock skew detected.  Your build may be incomplete.
make[1]: Leaving directory '/home/shelly/mount/Hotprog/vmpw/fltk/CMakeFiles/CMakeTmp'
make: warning:  Clock skew detected.  Your build may be incomplete.


Determining if the function IceConnectionNumber exists in the ICE passed with the following output:
Change Dir: /home/shelly/mount/Hotprog/vmpw/fltk/CMakeFiles/CMakeTmp

Run Build Command:"/usr/bin/make" "cmTC_d70c2/fast"
make: Warning: File 'Makefile' has modification time 3548 s in the future
/usr/bin/make -f CMakeFiles/cmTC_d70c2.dir/build.make CMakeFiles/cmTC_d70c2.dir/build
make[1]: Entering directory '/home/shelly/mount/Hotprog/vmpw/fltk/CMakeFiles/CMakeTmp'
make[1]: Warning: File 'CMakeFiles/cmTC_d70c2.dir/flags.make' has modification time 3548 s in the future
Building C object CMakeFiles/cmTC_d70c2.dir/CheckFunctionExists.c.o
/usr/bin/gcc   -DCHECK_FUNCTION_EXISTS=IceConnectionNumber   -o CMakeFiles/cmTC_d70c2.dir/CheckFunctionExists.c.o   -c /usr/share/cmake-3.8/Modules/CheckFunctionExists.c
Linking C executable cmTC_d70c2
/usr/bin/cmake -E cmake_link_script CMakeFiles/cmTC_d70c2.dir/link.txt --verbose=1
/usr/bin/gcc  -DCHECK_FUNCTION_EXISTS=IceConnectionNumber    -rdynamic CMakeFiles/cmTC_d70c2.dir/CheckFunctionExists.c.o  -o cmTC_d70c2 -lICE 
make[1]: warning:  Clock skew detected.  Your build may be incomplete.
make[1]: Leaving directory '/home/shelly/mount/Hotprog/vmpw/fltk/CMakeFiles/CMakeTmp'
make: warning:  Clock skew detected.  Your build may be incomplete.


Determining if the function glXGetProcAddressARB exists passed with the following output:
Change Dir: /home/shelly/mount/Hotprog/vmpw/fltk/CMakeFiles/CMakeTmp

Run Build Command:"/usr/bin/make" "cmTC_7df2d/fast"
make: Warning: File 'Makefile' has modification time 3548 s in the future
/usr/bin/make -f CMakeFiles/cmTC_7df2d.dir/build.make CMakeFiles/cmTC_7df2d.dir/build
make[1]: Entering directory '/home/shelly/mount/Hotprog/vmpw/fltk/CMakeFiles/CMakeTmp'
make[1]: Warning: File 'CMakeFiles/cmTC_7df2d.dir/flags.make' has modification time 3548 s in the future
Building C object CMakeFiles/cmTC_7df2d.dir/CheckFunctionExists.c.o
/usr/bin/gcc  -I/usr/include/GL  -DCHECK_FUNCTION_EXISTS=glXGetProcAddressARB   -o CMakeFiles/cmTC_7df2d.dir/CheckFunctionExists.c.o   -c /usr/share/cmake-3.8/Modules/CheckFunctionExists.c
Linking C executable cmTC_7df2d
/usr/bin/cmake -E cmake_link_script CMakeFiles/cmTC_7df2d.dir/link.txt --verbose=1
/usr/bin/gcc  -DCHECK_FUNCTION_EXISTS=glXGetProcAddressARB    -rdynamic CMakeFiles/cmTC_7df2d.dir/CheckFunctionExists.c.o  -o cmTC_7df2d -lGLU -lGL 
make[1]: warning:  Clock skew detected.  Your build may be incomplete.
make[1]: Leaving directory '/home/shelly/mount/Hotprog/vmpw/fltk/CMakeFiles/CMakeTmp'
make: warning:  Clock skew detected.  Your build may be incomplete.


Determining if the include file pthread.h exists passed with the following output:
Change Dir: /home/shelly/mount/Hotprog/vmpw/fltk/CMakeFiles/CMakeTmp

Run Build Command:"/usr/bin/make" "cmTC_558fa/fast"
make: Warning: File 'Makefile' has modification time 3549 s in the future
/usr/bin/make -f CMakeFiles/cmTC_558fa.dir/build.make CMakeFiles/cmTC_558fa.dir/build
make[1]: Entering directory '/home/shelly/mount/Hotprog/vmpw/fltk/CMakeFiles/CMakeTmp'
make[1]: Warning: File 'CMakeFiles/cmTC_558fa.dir/flags.make' has modification time 3549 s in the future
Building C object CMakeFiles/cmTC_558fa.dir/CheckIncludeFile.c.o
/usr/bin/gcc  -I/usr/include/GL   -o CMakeFiles/cmTC_558fa.dir/CheckIncludeFile.c.o   -c /home/shelly/mount/Hotprog/vmpw/fltk/CMakeFiles/CMakeTmp/CheckIncludeFile.c
Linking C executable cmTC_558fa
/usr/bin/cmake -E cmake_link_script CMakeFiles/cmTC_558fa.dir/link.txt --verbose=1
/usr/bin/gcc      -rdynamic CMakeFiles/cmTC_558fa.dir/CheckIncludeFile.c.o  -o cmTC_558fa 
make[1]: warning:  Clock skew detected.  Your build may be incomplete.
make[1]: Leaving directory '/home/shelly/mount/Hotprog/vmpw/fltk/CMakeFiles/CMakeTmp'
make: warning:  Clock skew detected.  Your build may be incomplete.


Determining if the function pthread_create exists in the pthread passed with the following output:
Change Dir: /home/shelly/mount/Hotprog/vmpw/fltk/CMakeFiles/CMakeTmp

Run Build Command:"/usr/bin/make" "cmTC_677d1/fast"
make: Warning: File 'Makefile' has modification time 3548 s in the future
/usr/bin/make -f CMakeFiles/cmTC_677d1.dir/build.make CMakeFiles/cmTC_677d1.dir/build
make[1]: Entering directory '/home/shelly/mount/Hotprog/vmpw/fltk/CMakeFiles/CMakeTmp'
make[1]: Warning: File 'CMakeFiles/cmTC_677d1.dir/flags.make' has modification time 3548 s in the future
Building C object CMakeFiles/cmTC_677d1.dir/CheckFunctionExists.c.o
/usr/bin/gcc   -DCHECK_FUNCTION_EXISTS=pthread_create   -o CMakeFiles/cmTC_677d1.dir/CheckFunctionExists.c.o   -c /usr/share/cmake-3.8/Modules/CheckFunctionExists.c
Linking C executable cmTC_677d1
/usr/bin/cmake -E cmake_link_script CMakeFiles/cmTC_677d1.dir/link.txt --verbose=1
/usr/bin/gcc  -DCHECK_FUNCTION_EXISTS=pthread_create    -rdynamic CMakeFiles/cmTC_677d1.dir/CheckFunctionExists.c.o  -o cmTC_677d1 -lpthread 
make[1]: warning:  Clock skew detected.  Your build may be incomplete.
make[1]: Leaving directory '/home/shelly/mount/Hotprog/vmpw/fltk/CMakeFiles/CMakeTmp'
make: warning:  Clock skew detected.  Your build may be incomplete.


